<?xml version="1.0" encoding="UTF-8"?>
<testExecutions version="1">
  <file path="C:\Users\rebek\OneDrive - University of Canterbury\SENG302\Project\client\src\Test\EditDetails.test.js">
    <testCase name="Is a vue instance" duration="717"/>
    <testCase name="Successful changes Mutate first name" duration="270"/>
    <testCase name="Successful changes Names with hyphens and apostrophes" duration="269"/>
    <testCase name="Successful changes Mutate middle name" duration="234"/>
    <testCase name="Successful changes Empty middle name" duration="233"/>
    <testCase name="Successful changes Mutate last name" duration="258"/>
    <testCase name="Successful changes Mutate nickname" duration="265"/>
    <testCase name="Successful changes Empty nickname" duration="239"/>
    <testCase name="Successful changes Mutate bio" duration="221"/>
    <testCase name="Successful changes Empty bio" duration="225"/>
    <testCase name="Unsuccessful changes Empty first name" duration="192"/>
    <testCase name="Unsuccessful changes Numbered first name" duration="202"/>
    <testCase name="Unsuccessful changes Empty last name" duration="225"/>
    <testCase name="Unsuccessful changes Numbered last name" duration="202"/>
    <testCase name="Unsuccessful changes Numbered last name" duration="198"/>
    <testCase name="Required fields Required fields are marked" duration="243"/>
    <testCase name="Required fields Not required fields are not marked" duration="229"/>
  </file>
  <file path="C:\Users\rebek\OneDrive - University of Canterbury\SENG302\Project\client\src\Test\Register.test.js">
    <testCase name="Is a vue instance" duration="140"/>
    <testCase name="AC4 first-name is marked as a mandatory attribute (with an asterisk)" duration="141"/>
    <testCase name="AC4 last-name is marked as a mandatory attribute (with an asterisk)" duration="101"/>
    <testCase name="AC4 email is marked as a mandatory attribute (with an asterisk)" duration="72"/>
    <testCase name="AC4 password is marked as a mandatory attribute (with an asterisk)" duration="98"/>
    <testCase name="AC4 passwordCheck is marked as a mandatory attribute (with an asterisk)" duration="90"/>
    <testCase name="AC4 gender is marked as a mandatory attribute (with an asterisk)" duration="73"/>
    <testCase name="AC4 date_of_birth is marked as a mandatory attribute (with an asterisk)" duration="103"/>
    <testCase name="AC7 Gender dropdown menu contains “male”, “female”, and “non-binary”" duration="79"/>
    <testCase name="isValidDOB checks that a date of birth is older than number of years should be false if age is *less* than 13" duration="58"/>
    <testCase name="isValidDOB checks that a date of birth is older than number of years should be true if age is *greater* than 13" duration="50"/>
    <testCase name="User has inputted their data AC9 User is taken to homepage on register" duration="112"/>
  </file>
  <file path="C:\Users\rebek\OneDrive - University of Canterbury\SENG302\Project\client\src\Test\ViewActivity.test.js">
    <testCase name="Is a vue instance" duration="186"/>
    <testCase name="The view activity page Displays the activity title" duration="203"/>
    <testCase name="The view activity page Displays the activity description" duration="243"/>
    <testCase name="The view activity page Displays the activity location" duration="234"/>
    <testCase name="The view activity page Has a view participants button" duration="204"/>
    <testCase name="The view activity page Has a view results button" duration="201"/>
    <testCase name="The view activity page Shows the activity type" duration="230"/>
    <testCase name="As an activity creator I cannot see the follow button" duration="222"/>
    <testCase name="As an activity creator I cannot see the unfollow button" duration="212"/>
    <testCase name="As an activity creator I can see the edit activity button" duration="247"/>
    <testCase name="As an activity creator I can see the add results button" duration="194"/>
    <testCase name="If I&apos;m following an activity I can see the unfollow button" duration="435"/>
    <testCase name="If I&apos;m following an activity I can&apos;t see the follow button" duration="403"/>
    <testCase name="If I&apos;m following an activity I can&apos;t see the edit activity button" duration="390"/>
    <testCase name="If I&apos;m following an activity I can see the add results button" duration="400"/>
    <testCase name="If I am not following the activity I can&apos;t see the unfollow button" duration="398"/>
    <testCase name="If I am not following the activity I can see the follow button" duration="423"/>
    <testCase name="If I am not following the activity I can&apos;t see the edit activity button" duration="414"/>
    <testCase name="If I am not following the activity I can&apos;t see the add results button" duration="405"/>
  </file>
  <file path="C:\Users\rebek\OneDrive - University of Canterbury\SENG302\Project\client\src\Test\FeedCard.test.js">
    <testCase name="Is a vue instance" duration="172"/>
    <testCase name="The feed card Displays a description of what happened" duration="177"/>
    <testCase name="The feed card Displays a timestamp" duration="171"/>
    <testCase name="The feed card Does not have any buttons for a delete event" duration="175"/>
    <testCase name="The feed card Has a button to view the activity for a follow event" duration="342"/>
    <testCase name="The extract data method Sets the time for events that occurred in the last 10s to &quot;Just now&quot;" duration="183"/>
    <testCase name="The extract data method Sets the time for events that occurred 1 minutes ago to &quot;%s minutes ago&quot;" duration="215"/>
    <testCase name="The extract data method Sets the time for events that occurred 10 minutes ago to &quot;%s minutes ago&quot;" duration="204"/>
    <testCase name="The extract data method Sets the time for events that occurred 37 minutes ago to &quot;%s minutes ago&quot;" duration="196"/>
    <testCase name="The extract data method Sets the time for events that occurred 59 minutes ago to &quot;%s minutes ago&quot;" duration="196"/>
    <testCase name="The extract data method Sets the time for events that occurred 1 hours ago to &quot;%s hours ago&quot;" duration="189"/>
    <testCase name="The extract data method Sets the time for events that occurred 9 hours ago to &quot;%s hours ago&quot;" duration="202"/>
    <testCase name="The extract data method Sets the time for events that occurred 17 hours ago to &quot;%s hours ago&quot;" duration="195"/>
    <testCase name="The extract data method Sets the time for events that occurred 23 hours ago to &quot;%s hours ago&quot;" duration="200"/>
    <testCase name="The extract data method Sets the time for events that occurred 1 days ago to &quot;%s days ago&quot;" duration="199"/>
    <testCase name="The extract data method Sets the time for events that occurred 31 days ago to &quot;%s days ago&quot;" duration="189"/>
    <testCase name="The extract data method Sets the time for events that occurred 157 days ago to &quot;%s days ago&quot;" duration="188"/>
    <testCase name="The extract data method Sets the time for events that occurred 76543 days ago to &quot;%s days ago&quot;" duration="189"/>
    <testCase name="The extract data method Sets the first name of the person who triggered the event" duration="167"/>
    <testCase name="The extract data method Sets the last name of the person who triggered the event" duration="166"/>
    <testCase name="The extract data method Sets the activity title of the event concerned" duration="165"/>
    <testCase name="The extract data method Sets the outcome title of an outcome" duration="167"/>
  </file>
  <file path="C:\Users\rebek\OneDrive - University of Canterbury\SENG302\Project\client\src\Test\EditActivity.test.js">
    <testCase name="Is a vue instance" duration="206"/>
    <testCase name="Adds and deletes an Outcome to outcomeList" duration="175"/>
    <testCase name="Catches an http status error of 401 or user not authenticated when edit activity form is submitted and takes user to login page" duration="121"/>
    <testCase name="Catches an http status error of 403 or forbidden access when edit activity form is submitted and gives user an appropriate alert" duration="152"/>
    <testCase name="Checking 200 response status of edit activity function" duration="132"/>
    <testCase name="Catches an http status error that isnt 401, 404, 403 and gives the user an appropriate alert" duration="168"/>
    <testCase name="Catches an http status error of 401 when activity data is coming back from the server get endpoint" duration="204"/>
    <testCase name="Catches an http status error of 403 when checking if activity can be edited by user" duration="176"/>
    <testCase name="Catches an http status error that isnt 401 or 403 when activity data is coming back from the server get endpoint" duration="112"/>
    <testCase name="Creates the correct Outcome payload and creates only new Outcomes" duration="108"/>
    <testCase name="Creates no requests when no new Outcomes" duration="168"/>
    <testCase name="Edits outcome with an ID and isEdited set to true" duration="151"/>
    <testCase name="Creates outcome with no ID and isEdited set to true" duration="150"/>
  </file>
  <file path="C:\Users\rebek\OneDrive - University of Canterbury\SENG302\Project\client\src\Test\EditPassword.test.js">
    <testCase name="Is a vue instance" duration="167"/>
    <testCase name="Successful changes Normal Password Change" duration="197"/>
    <testCase name="Successful changes Extremely long password" duration="193"/>
    <testCase name="Unsuccessful changes Blank new password" duration="179"/>
    <testCase name="Unsuccessful changes Blank repeated password" duration="175"/>
    <testCase name="Unsuccessful changes Short new password" duration="176"/>
    <testCase name="Unsuccessful changes Numberless new password" duration="195"/>
    <testCase name="Unsuccessful changes Letterless new password" duration="178"/>
    <testCase name="Unsuccessful changes New password mismatch" duration="184"/>
    <testCase name="Unsuccessful changes No password change" duration="181"/>
  </file>
  <file path="C:\Users\rebek\OneDrive - University of Canterbury\SENG302\Project\client\src\Test\Header.test.js">
    <testCase name="Is a vue instance" duration="50"/>
    <testCase name="Logo is on the page" duration="29"/>
    <testCase name="Toggle button for collapsible nav-bar exists" duration="20"/>
    <testCase name="There are 5 possible collapsible links, when logged in" duration="39"/>
    <testCase name="There are 2 possible collapsible links, when not logged in" duration="18"/>
  </file>
  <file path="C:\Users\rebek\OneDrive - University of Canterbury\SENG302\Project\client\src\Test\EditEmail.test.js">
    <testCase name="Is a vue instance" duration="160"/>
    <testCase name="Displays Primary Email" duration="186"/>
    <testCase name="Displays Secondary Emails" duration="164"/>
    <testCase name="Make Secondary Primary" duration="194"/>
    <testCase name="Add Secondary Email" duration="198"/>
    <testCase name="Add More than 5 Emails" duration="190"/>
    <testCase name="Delete Secondary Email" duration="209"/>
    <testCase name="Delete All Secondary Emails" duration="175"/>
  </file>
  <file path="C:\Users\rebek\OneDrive - University of Canterbury\SENG302\Project\client\src\Test\ActivityForm.test.js">
    <testCase name="Is a vue instance" duration="144"/>
    <testCase name="Outcome title input exists" duration="93"/>
    <testCase name="Outcome unit_name input exists" duration="76"/>
    <testCase name="Outcome title word count exists" duration="106"/>
    <testCase name="Outcome unit_name word count exists" duration="95"/>
    <testCase name="Add outcome button exists" duration="64"/>
    <testCase name="Outcomes table exists" duration="69"/>
  </file>
  <file path="C:\Users\rebek\OneDrive - University of Canterbury\SENG302\Project\client\src\Test\UserCard.test.js">
    <testCase name="Is a vue instance" duration="25"/>
    <testCase name="The UserCard Displays Full Name" duration="34"/>
    <testCase name="The UserCard Displays Email and Bio" duration="27"/>
    <testCase name="The UserCard Displays ActivityTypes that were both searched for, and match the user" duration="25"/>
    <testCase name="The View User Modal View User Modal title contains Full Name" duration="22"/>
    <testCase name="The View User Modal View User Modal title contains go to profile button" duration="25"/>
  </file>
  <file path="C:\Users\rebek\OneDrive - University of Canterbury\SENG302\Project\client\src\Test\AddResults.test.js">
    <testCase name="Is a vue instance" duration="25"/>
    <testCase name="displays 1 outcome card" duration="20"/>
    <testCase name="The active users result is already submitted displays 1 submit result button" duration="17"/>
    <testCase name="The active users result are not yet submitted displays 1 input for the result" duration="32"/>
    <testCase name="The active users result are not yet submitted displays 1 submit result button" duration="53"/>
  </file>
  <file path="C:\Users\rebek\OneDrive - University of Canterbury\SENG302\Project\client\src\Test\Login.test.js">
    <testCase name="Is a vue instance" duration="22"/>
    <testCase name="AC9 User is taken to homepage on login" duration="37"/>
    <testCase name="AC9 Admin is taken to dashboard on login" duration="47"/>
  </file>
  <file path="C:\Users\rebek\OneDrive - University of Canterbury\SENG302\Project\client\src\Test\ActivityCard.test.js">
    <testCase name="Is a vue instance" duration="36"/>
    <testCase name="The ActivityCard errors Displays an error card if creator name is not found" duration="58"/>
    <testCase name="The ActivityCard elements Displays a card with no errors" duration="18"/>
    <testCase name="The ActivityCard elements Displays activity name and creator name" duration="19"/>
    <testCase name="The ActivityCard elements Displays a button for redirecting" duration="17"/>
    <testCase name="The ActivityCard elements Displays ActivityTypes that were both searched for, and match the activity" duration="18"/>
    <testCase name="The ActivityCard elements Does not display ActivityTypes that were searched for, and do not match the activity" duration="19"/>
    <testCase name="The ActivityCard elements Displays activity info" duration="30"/>
  </file>
  <file path="C:\Users\rebek\OneDrive - University of Canterbury\SENG302\Project\client\src\Test\ViewResults.test.js">
    <testCase name="Is a vue instance" duration="13"/>
    <testCase name="The activity has outcomes and results Displays a result button" duration="10"/>
    <testCase name="The activity has outcomes and results Displays a collapse element" duration="11"/>
    <testCase name="The activity has outcomes and results Displays 1 result card" duration="18"/>
    <testCase name="The activity has outcomes and results Displays result text" duration="12"/>
    <testCase name="The activity has outcomes but and no results Displays no result cards" duration="34"/>
    <testCase name="The activity has outcomes but and no results Displays no result card test" duration="29"/>
    <testCase name="The activity has no outcomes Displays no result button" duration="18"/>
    <testCase name="The activity has no outcomes Displays no collapse element" duration="19"/>
  </file>
  <file path="C:\Users\rebek\OneDrive - University of Canterbury\SENG302\Project\client\src\Test\HomeFeed.test.js">
    <testCase name="Check that feed event data is fetched and rendered properly" duration="167"/>
  </file>
  <file path="C:\Users\rebek\OneDrive - University of Canterbury\SENG302\Project\client\src\Test\UserSearch.test.js">
    <testCase name="Is a vue instance" duration="29"/>
    <testCase name="Activities search box exists" duration="26"/>
    <testCase name="Search button exists" duration="29"/>
    <testCase name="And search operator radio button exists" duration="30"/>
    <testCase name="Or search operator radio button exists" duration="31"/>
    <testCase name="Searching user based on activity types With the &apos;or&apos; method Search user with one activity type &apos;hiking&apos;" duration="66"/>
    <testCase name="Searching user based on activity types With the &apos;or&apos; method Search user with two activity types &apos;hiking&apos; and &apos;biking&apos;" duration="53"/>
    <testCase name="Fetch list of activity types from back-end" duration="47"/>
    <testCase name="Pagination limits the user cards displayed to the user First page contains usersPerPage number of users (1st half of users)" duration="38"/>
    <testCase name="Pagination limits the user cards displayed to the user Second page contains usersPerPage number of users (2nd half of users)" duration="49"/>
  </file>
  <file path="C:\Users\rebek\OneDrive - University of Canterbury\SENG302\Project\client\src\Test\ViewParticipants.test.js">
    <testCase name="Is a vue instance" duration="17"/>
    <testCase name="Has 2 participants Displays 2 participants" duration="15"/>
    <testCase name="Has 2 participants The no participant message does not exist" duration="12"/>
    <testCase name="Had no participants Participant buttons do not exist" duration="21"/>
    <testCase name="Had no participants When there are no participants, it displays &apos;No participants to show&apos;" duration="16"/>
  </file>
  <file path="C:\Users\rebek\OneDrive - University of Canterbury\SENG302\Project\client\src\Test\ActivitySearch.test.js">
    <testCase name="Is a vue instance" duration="43"/>
    <testCase name="Activity type search box exists" duration="30"/>
    <testCase name="Search button exists" duration="46"/>
    <testCase name="And search operator radio button exists" duration="45"/>
    <testCase name="Or search operator radio button exists" duration="44"/>
  </file>
  <file path="C:\Users\rebek\OneDrive - University of Canterbury\SENG302\Project\client\src\Test\CreateActivity.test.js">
    <testCase name="Is a vue instance" duration="3"/>
    <testCase name="Adds 2 Outcomes and deletes an Outcome to outcomeList" duration="25"/>
    <testCase name="Catches an http status error of 400 or an invalid activity field when create activity form is submitted and gives user an appropriate alert" duration="5"/>
    <testCase name="Catches an http status error of 401 or user not authenticated when create activity form is submitted and takes user to login page" duration="9"/>
    <testCase name="Catches an http status error of 403 or forbidden access when create activity form is submitted and gives user an appropriate alert" duration="5"/>
    <testCase name="Catches an http status error that isnt 401, 404, 403 and gives the user an appropriate alert" duration="6"/>
    <testCase name="Creates the correct Outcome payload" duration="3"/>
  </file>
  <file path="C:\Users\rebek\OneDrive - University of Canterbury\SENG302\Project\client\src\Test\Search.test.js">
    <testCase name="Is a vue instance" duration="17"/>
    <testCase name="Search mode selector exists" duration="18"/>
  </file>
  <file path="C:\Users\rebek\OneDrive - University of Canterbury\SENG302\Project\client\src\Test\util.test.js">
    <testCase name="Timezone conversion functions From Back End to Front End Back end date in UTC time" duration="2"/>
    <testCase name="Timezone conversion functions From Back End to Front End UTC date at one to midnight" duration="1"/>
    <testCase name="Timezone conversion functions From Back End to Front End UTC date at exactly midnight" duration="1"/>
    <testCase name="Timezone conversion functions From Back End to Front End Invalid UTC date after midnight" duration="1"/>
    <testCase name="Timezone conversion functions From Front End to Back End Front end date 9pm" duration="1"/>
    <testCase name="Timezone conversion functions From Front End to Back End Test invalid UTC date after midnight" duration="1"/>
    <testCase name="Convert ISO8601 into readable date and AM/PM time Receive UTC time from back-end Test UTC date formatted with correct single digit AM time" duration="0"/>
    <testCase name="Convert ISO8601 into readable date and AM/PM time Receive UTC time from back-end Test UTC date formatted with correct single digit PM time" duration="1"/>
    <testCase name="Convert ISO8601 into readable date and AM/PM time Receive UTC time from back-end Test UTC date formatted with correct double digit 12:00 AM time" duration="1"/>
    <testCase name="Convert ISO8601 into readable date and AM/PM time Receive UTC time from back-end Test UTC date formatted with correct double digit 12:00 PM time" duration="1"/>
    <testCase name="Test current time functions currentDateBackend returns a valid date" duration="2"/>
    <testCase name="Test current time functions currentDateFrontend returns a valid date" duration="9"/>
  </file>
  <file path="C:\Users\rebek\OneDrive - University of Canterbury\SENG302\Project\client\src\Test\HomeLayout.test.js">
    <testCase name="Is a vue instance" duration="9"/>
    <testCase name="Logo is on the page" duration="8"/>
    <testCase name="AC1 Has 2 buttons" duration="14"/>
    <testCase name="AC1 Has a register button" duration="6"/>
    <testCase name="AC1 Has a login button" duration="7"/>
  </file>
</testExecutions>