<?xml version="1.0" encoding="UTF-8"?>
<testExecutions version="1">
  <file path="/Users/Ben/Desktop/SENG302/project/team-600/client/src/Test/LiveBackEnd/LiveBackEndApi.test.js">
    <testCase name="Register a new user" duration="462"/>
    <testCase name="Logout user" duration="16"/>
    <testCase name="Login user" duration="132"/>
    <testCase name="Run tests on new user Get user role" duration="192"/>
    <testCase name="Run tests on new user Get user id using token" duration="150"/>
    <testCase name="Run tests on new user Modify password" duration="455"/>
    <testCase name="Run tests on new user Edit profile" duration="151"/>
    <testCase name="Run tests on new user Get user data by Id" duration="163"/>
    <testCase name="Run tests on new user Get user data by Token" duration="141"/>
    <testCase name="Run tests on new user Test the /check-profile end point" duration="143"/>
    <testCase name="Run tests on new user Checking user email endpoints Set additional emails for the user" duration="164"/>
    <testCase name="Run tests on new user Checking user email endpoints Edit primary and additional emails for the user" duration="161"/>
    <testCase name="Run tests on new user Checking user email endpoints Check if email is in the database" duration="154"/>
    <testCase name="Run tests on new user Checking user email endpoints Get all emails from user" duration="155"/>
    <testCase name="Run tests on new user Checking user activity endpoints Create activity" duration="241"/>
    <testCase name="Run tests on new user Checking user activity endpoints Edit activity" duration="199"/>
    <testCase name="Run tests on new user Checking user activity endpoints Get data from activity" duration="192"/>
    <testCase name="Run tests on new user Checking user activity endpoints Check if user can edit activity" duration="178"/>
    <testCase name="Run tests on new user Checking user activity endpoints Create activity outcome" duration="178"/>
    <testCase name="Run tests on new user Checking user activity endpoints Delete activity outcome" duration="169"/>
    <testCase name="Run tests on new user Checking user activity endpoints Get an activities outcomes" duration="172"/>
    <testCase name="Run tests on new user Checking user activity endpoints Create new result for an outcome" duration="189"/>
    <testCase name="Run tests on new user Checking user activity endpoints Get all activities from a user" duration="168"/>
    <testCase name="Run tests on new user Checking user activity endpoints Delete an activity" duration="167"/>
    <testCase name="Run tests on new user Checking user activity endpoints Get list of participants for an activity" duration="166"/>
    <testCase name="Run tests on new user Checking user feed event endpoints Get following status for an unsubscribed activity" duration="187"/>
    <testCase name="Run tests on new user Checking user feed event endpoints Follow an unsubscribed activity" duration="171"/>
    <testCase name="Run tests on new user Checking user feed event endpoints Follow an already subscribed activity throws a 400 error" duration="166"/>
    <testCase name="Run tests on new user Checking user feed event endpoints Get following status for a subscribed activity" duration="162"/>
    <testCase name="Run tests on new user Checking user feed event endpoints Unfollow a subscribed activity" duration="166"/>
    <testCase name="Run tests on new user Checking user feed event endpoints Unfollow an already unsubscribed activity throws a 400 error" duration="161"/>
    <testCase name="Run tests on new user Searching for users Get users by one activity type (OR)" duration="22">
      <failure message="TypeError: Invalid value &quot;undefined&quot; for header &quot;Page-Number&quot;TypeError [ERR_HTTP_INVALID_HEADER_VALUE]: Invalid value &quot;undefined&quot; for header &quot;Page-Number&quot;"><![CDATA[TypeError: Invalid value "undefined" for header "Page-Number"TypeError [ERR_HTTP_INVALID_HEADER_VALUE]: Invalid value "undefined" for header "Page-Number"
    at ClientRequest.setHeader (_http_outgoing.js:529:3)
    at new ClientRequest (_http_client.js:241:14)
    at Object.request (http.js:46:10)
    at RedirectableRequest.Object.<anonymous>.RedirectableRequest._performRequest (/Users/Ben/Desktop/SENG302/project/team-600/client/node_modules/axios/node_modules/follow-redirects/index.js:169:24)
    at new RedirectableRequest (/Users/Ben/Desktop/SENG302/project/team-600/client/node_modules/axios/node_modules/follow-redirects/index.js:66:8)
    at Object.wrappedProtocol.request (/Users/Ben/Desktop/SENG302/project/team-600/client/node_modules/axios/node_modules/follow-redirects/index.js:307:14)
    at dispatchHttpRequest (/Users/Ben/Desktop/SENG302/project/team-600/client/node_modules/axios/lib/adapters/http.js:179:25)
    at new Promise (<anonymous>)
    at httpAdapter (/Users/Ben/Desktop/SENG302/project/team-600/client/node_modules/axios/lib/adapters/http.js:21:10)
    at dispatchRequest (/Users/Ben/Desktop/SENG302/project/team-600/client/node_modules/axios/lib/core/dispatchRequest.js:52:10)]]></failure>
    </testCase>
    <testCase name="Run tests on new user Searching for users Get users by one activity type (AND)" duration="25">
      <failure message="TypeError: Invalid value &quot;undefined&quot; for header &quot;Page-Number&quot;TypeError [ERR_HTTP_INVALID_HEADER_VALUE]: Invalid value &quot;undefined&quot; for header &quot;Page-Number&quot;"><![CDATA[TypeError: Invalid value "undefined" for header "Page-Number"TypeError [ERR_HTTP_INVALID_HEADER_VALUE]: Invalid value "undefined" for header "Page-Number"
    at ClientRequest.setHeader (_http_outgoing.js:529:3)
    at new ClientRequest (_http_client.js:241:14)
    at Object.request (http.js:46:10)
    at RedirectableRequest.Object.<anonymous>.RedirectableRequest._performRequest (/Users/Ben/Desktop/SENG302/project/team-600/client/node_modules/axios/node_modules/follow-redirects/index.js:169:24)
    at new RedirectableRequest (/Users/Ben/Desktop/SENG302/project/team-600/client/node_modules/axios/node_modules/follow-redirects/index.js:66:8)
    at Object.wrappedProtocol.request (/Users/Ben/Desktop/SENG302/project/team-600/client/node_modules/axios/node_modules/follow-redirects/index.js:307:14)
    at dispatchHttpRequest (/Users/Ben/Desktop/SENG302/project/team-600/client/node_modules/axios/lib/adapters/http.js:179:25)
    at new Promise (<anonymous>)
    at httpAdapter (/Users/Ben/Desktop/SENG302/project/team-600/client/node_modules/axios/lib/adapters/http.js:21:10)
    at dispatchRequest (/Users/Ben/Desktop/SENG302/project/team-600/client/node_modules/axios/lib/core/dispatchRequest.js:52:10)]]></failure>
    </testCase>
    <testCase name="Run tests on new user Searching for users Get users by more than one activity types (OR)" duration="20">
      <failure message="TypeError: Invalid value &quot;undefined&quot; for header &quot;Page-Number&quot;TypeError [ERR_HTTP_INVALID_HEADER_VALUE]: Invalid value &quot;undefined&quot; for header &quot;Page-Number&quot;"><![CDATA[TypeError: Invalid value "undefined" for header "Page-Number"TypeError [ERR_HTTP_INVALID_HEADER_VALUE]: Invalid value "undefined" for header "Page-Number"
    at ClientRequest.setHeader (_http_outgoing.js:529:3)
    at new ClientRequest (_http_client.js:241:14)
    at Object.request (http.js:46:10)
    at RedirectableRequest.Object.<anonymous>.RedirectableRequest._performRequest (/Users/Ben/Desktop/SENG302/project/team-600/client/node_modules/axios/node_modules/follow-redirects/index.js:169:24)
    at new RedirectableRequest (/Users/Ben/Desktop/SENG302/project/team-600/client/node_modules/axios/node_modules/follow-redirects/index.js:66:8)
    at Object.wrappedProtocol.request (/Users/Ben/Desktop/SENG302/project/team-600/client/node_modules/axios/node_modules/follow-redirects/index.js:307:14)
    at dispatchHttpRequest (/Users/Ben/Desktop/SENG302/project/team-600/client/node_modules/axios/lib/adapters/http.js:179:25)
    at new Promise (<anonymous>)
    at httpAdapter (/Users/Ben/Desktop/SENG302/project/team-600/client/node_modules/axios/lib/adapters/http.js:21:10)
    at dispatchRequest (/Users/Ben/Desktop/SENG302/project/team-600/client/node_modules/axios/lib/core/dispatchRequest.js:52:10)]]></failure>
    </testCase>
    <testCase name="Run tests on new user Searching for users Get users by more than one activity types (AND)" duration="22">
      <failure message="TypeError: Invalid value &quot;undefined&quot; for header &quot;Page-Number&quot;TypeError [ERR_HTTP_INVALID_HEADER_VALUE]: Invalid value &quot;undefined&quot; for header &quot;Page-Number&quot;"><![CDATA[TypeError: Invalid value "undefined" for header "Page-Number"TypeError [ERR_HTTP_INVALID_HEADER_VALUE]: Invalid value "undefined" for header "Page-Number"
    at ClientRequest.setHeader (_http_outgoing.js:529:3)
    at new ClientRequest (_http_client.js:241:14)
    at Object.request (http.js:46:10)
    at RedirectableRequest.Object.<anonymous>.RedirectableRequest._performRequest (/Users/Ben/Desktop/SENG302/project/team-600/client/node_modules/axios/node_modules/follow-redirects/index.js:169:24)
    at new RedirectableRequest (/Users/Ben/Desktop/SENG302/project/team-600/client/node_modules/axios/node_modules/follow-redirects/index.js:66:8)
    at Object.wrappedProtocol.request (/Users/Ben/Desktop/SENG302/project/team-600/client/node_modules/axios/node_modules/follow-redirects/index.js:307:14)
    at dispatchHttpRequest (/Users/Ben/Desktop/SENG302/project/team-600/client/node_modules/axios/lib/adapters/http.js:179:25)
    at new Promise (<anonymous>)
    at httpAdapter (/Users/Ben/Desktop/SENG302/project/team-600/client/node_modules/axios/lib/adapters/http.js:21:10)
    at dispatchRequest (/Users/Ben/Desktop/SENG302/project/team-600/client/node_modules/axios/lib/core/dispatchRequest.js:52:10)]]></failure>
    </testCase>
    <testCase name="Run tests on new user Searching for users Get users with ActivityTypes containing a space (OR)" duration="19">
      <failure message="TypeError: Invalid value &quot;undefined&quot; for header &quot;Page-Number&quot;TypeError [ERR_HTTP_INVALID_HEADER_VALUE]: Invalid value &quot;undefined&quot; for header &quot;Page-Number&quot;"><![CDATA[TypeError: Invalid value "undefined" for header "Page-Number"TypeError [ERR_HTTP_INVALID_HEADER_VALUE]: Invalid value "undefined" for header "Page-Number"
    at ClientRequest.setHeader (_http_outgoing.js:529:3)
    at new ClientRequest (_http_client.js:241:14)
    at Object.request (http.js:46:10)
    at RedirectableRequest.Object.<anonymous>.RedirectableRequest._performRequest (/Users/Ben/Desktop/SENG302/project/team-600/client/node_modules/axios/node_modules/follow-redirects/index.js:169:24)
    at new RedirectableRequest (/Users/Ben/Desktop/SENG302/project/team-600/client/node_modules/axios/node_modules/follow-redirects/index.js:66:8)
    at Object.wrappedProtocol.request (/Users/Ben/Desktop/SENG302/project/team-600/client/node_modules/axios/node_modules/follow-redirects/index.js:307:14)
    at dispatchHttpRequest (/Users/Ben/Desktop/SENG302/project/team-600/client/node_modules/axios/lib/adapters/http.js:179:25)
    at new Promise (<anonymous>)
    at httpAdapter (/Users/Ben/Desktop/SENG302/project/team-600/client/node_modules/axios/lib/adapters/http.js:21:10)
    at dispatchRequest (/Users/Ben/Desktop/SENG302/project/team-600/client/node_modules/axios/lib/core/dispatchRequest.js:52:10)]]></failure>
    </testCase>
    <testCase name="Run tests on new user Searching for users Get users with ActivityTypes containing &gt;1 spaces (AND)" duration="24">
      <failure message="TypeError: Invalid value &quot;undefined&quot; for header &quot;Page-Number&quot;TypeError [ERR_HTTP_INVALID_HEADER_VALUE]: Invalid value &quot;undefined&quot; for header &quot;Page-Number&quot;"><![CDATA[TypeError: Invalid value "undefined" for header "Page-Number"TypeError [ERR_HTTP_INVALID_HEADER_VALUE]: Invalid value "undefined" for header "Page-Number"
    at ClientRequest.setHeader (_http_outgoing.js:529:3)
    at new ClientRequest (_http_client.js:241:14)
    at Object.request (http.js:46:10)
    at RedirectableRequest.Object.<anonymous>.RedirectableRequest._performRequest (/Users/Ben/Desktop/SENG302/project/team-600/client/node_modules/axios/node_modules/follow-redirects/index.js:169:24)
    at new RedirectableRequest (/Users/Ben/Desktop/SENG302/project/team-600/client/node_modules/axios/node_modules/follow-redirects/index.js:66:8)
    at Object.wrappedProtocol.request (/Users/Ben/Desktop/SENG302/project/team-600/client/node_modules/axios/node_modules/follow-redirects/index.js:307:14)
    at dispatchHttpRequest (/Users/Ben/Desktop/SENG302/project/team-600/client/node_modules/axios/lib/adapters/http.js:179:25)
    at new Promise (<anonymous>)
    at httpAdapter (/Users/Ben/Desktop/SENG302/project/team-600/client/node_modules/axios/lib/adapters/http.js:21:10)
    at dispatchRequest (/Users/Ben/Desktop/SENG302/project/team-600/client/node_modules/axios/lib/core/dispatchRequest.js:52:10)]]></failure>
    </testCase>
    <testCase name="Other miscellaneous tests Get all activity types in the database" duration="7"/>
  </file>
</testExecutions>