<?xml version="1.0" encoding="UTF-8"?>
<testExecutions version="1">
  <file path="C:\Users\rebek\OneDrive - University of Canterbury\SENG302\Project\client\src\Test\Login.test.js">
    <testCase name="Is a vue instance" duration="40"/>
    <testCase name="AC9 User is taken to homepage on login" duration="65"/>
    <testCase name="AC9 Admin is taken to dashboard on login" duration="35"/>
  </file>
</testExecutions>