<?xml version="1.0" encoding="UTF-8"?>
<testExecutions version="1">
  <file path="C:\Users\rebek\OneDrive - University of Canterbury\SENG302\Project\client\src\Test\Search.test.js">
    <testCase name="Is a vue instance" duration="32"/>
    <testCase name="Search mode selector exists" duration="25"/>
  </file>
</testExecutions>