<?xml version="1.0" encoding="UTF-8"?>
<testExecutions version="1">
  <file path="C:\Users\rebek\OneDrive - University of Canterbury\SENG302\Project\client\src\Test\EditDetails.test.js">
    <testCase name="Is a vue instance" duration="1064"/>
    <testCase name="Successful changes Mutate first name" duration="328"/>
    <testCase name="Successful changes Names with hyphens and apostrophes" duration="288"/>
    <testCase name="Successful changes Mutate middle name" duration="240"/>
    <testCase name="Successful changes Empty middle name" duration="254"/>
    <testCase name="Successful changes Mutate last name" duration="304"/>
    <testCase name="Successful changes Mutate nickname" duration="245"/>
    <testCase name="Successful changes Empty nickname" duration="229"/>
    <testCase name="Successful changes Mutate bio" duration="225"/>
    <testCase name="Successful changes Empty bio" duration="223"/>
    <testCase name="Unsuccessful changes Empty first name" duration="209"/>
    <testCase name="Unsuccessful changes Numbered first name" duration="196"/>
    <testCase name="Unsuccessful changes Empty last name" duration="209"/>
    <testCase name="Unsuccessful changes Numbered last name" duration="227"/>
    <testCase name="Unsuccessful changes Numbered last name" duration="240"/>
    <testCase name="Required fields Required fields are marked" duration="310"/>
    <testCase name="Required fields Not required fields are not marked" duration="359"/>
  </file>
  <file path="C:\Users\rebek\OneDrive - University of Canterbury\SENG302\Project\client\src\Test\EditActivity.test.js">
    <testCase name="Is a vue instance" duration="353"/>
    <testCase name="Adds and deletes an Outcome to outcomeList" duration="267"/>
    <testCase name="Catches an http status error of 401 or user not authenticated when edit activity form is submitted and takes user to login page" duration="237"/>
    <testCase name="Catches an http status error of 403 or forbidden access when edit activity form is submitted and gives user an appropriate alert" duration="235"/>
    <testCase name="Checking 200 response status of edit activity function" duration="247"/>
    <testCase name="Catches an http status error that isnt 401, 404, 403 and gives the user an appropriate alert" duration="213"/>
    <testCase name="Catches an http status error of 401 when activity data is coming back from the server get endpoint" duration="229"/>
    <testCase name="Catches an http status error of 403 when checking if activity can be edited by user" duration="240"/>
    <testCase name="Catches an http status error that isnt 401 or 403 when activity data is coming back from the server get endpoint" duration="208"/>
    <testCase name="Creates the correct Outcome payload and creates only new Outcomes" duration="141"/>
    <testCase name="Creates no requests when no new Outcomes" duration="156"/>
    <testCase name="Edits outcome with an ID and isEdited set to true" duration="142"/>
    <testCase name="Creates outcome with no ID and isEdited set to true" duration="126"/>
  </file>
  <file path="C:\Users\rebek\OneDrive - University of Canterbury\SENG302\Project\client\src\Test\EditPassword.test.js">
    <testCase name="Is a vue instance" duration="162"/>
    <testCase name="Successful changes Normal Password Change" duration="228"/>
    <testCase name="Successful changes Extremely long password" duration="178"/>
    <testCase name="Unsuccessful changes Blank new password" duration="212"/>
    <testCase name="Unsuccessful changes Blank repeated password" duration="191"/>
    <testCase name="Unsuccessful changes Short new password" duration="177"/>
    <testCase name="Unsuccessful changes Numberless new password" duration="176"/>
    <testCase name="Unsuccessful changes Letterless new password" duration="168"/>
    <testCase name="Unsuccessful changes New password mismatch" duration="182"/>
    <testCase name="Unsuccessful changes No password change" duration="194"/>
  </file>
  <file path="C:\Users\rebek\OneDrive - University of Canterbury\SENG302\Project\client\src\Test\Login.test.js">
    <testCase name="Is a vue instance" duration="31"/>
    <testCase name="AC9 User is taken to homepage on login" duration="59"/>
    <testCase name="AC9 Admin is taken to dashboard on login" duration="57"/>
  </file>
  <file path="C:\Users\rebek\OneDrive - University of Canterbury\SENG302\Project\client\src\Test\ViewActivity.test.js">
    <testCase name="Is a vue instance" duration="271"/>
    <testCase name="The view activity page Displays the activity title" duration="341"/>
    <testCase name="The view activity page Displays the activity description" duration="431"/>
    <testCase name="The view activity page Displays the activity location" duration="269"/>
    <testCase name="The view activity page Has a view participants button" duration="331"/>
    <testCase name="The view activity page Has a view results button" duration="393"/>
    <testCase name="The view activity page Shows the activity type" duration="275"/>
    <testCase name="As an activity creator I cannot see the follow button" duration="307"/>
    <testCase name="As an activity creator I cannot see the unfollow button" duration="353"/>
    <testCase name="As an activity creator I can see the edit activity button" duration="256"/>
    <testCase name="As an activity creator I can see the add results button" duration="233"/>
    <testCase name="If I&apos;m following an activity I can see the unfollow button" duration="520"/>
    <testCase name="If I&apos;m following an activity I can&apos;t see the follow button" duration="451"/>
    <testCase name="If I&apos;m following an activity I can&apos;t see the edit activity button" duration="478"/>
    <testCase name="If I&apos;m following an activity I can see the add results button" duration="496"/>
    <testCase name="If I am not following the activity I can&apos;t see the unfollow button" duration="525"/>
    <testCase name="If I am not following the activity I can see the follow button" duration="652"/>
    <testCase name="If I am not following the activity I can&apos;t see the edit activity button" duration="668"/>
    <testCase name="If I am not following the activity I can&apos;t see the add results button" duration="594"/>
  </file>
  <file path="C:\Users\rebek\OneDrive - University of Canterbury\SENG302\Project\client\src\Test\EditEmail.test.js">
    <testCase name="Is a vue instance" duration="171"/>
    <testCase name="Displays Primary Email" duration="233"/>
    <testCase name="Displays Secondary Emails" duration="242"/>
    <testCase name="Make Secondary Primary" duration="225"/>
    <testCase name="Add Secondary Email" duration="233"/>
    <testCase name="Add More than 5 Emails" duration="182"/>
    <testCase name="Delete Secondary Email" duration="267"/>
    <testCase name="Delete All Secondary Emails" duration="269"/>
  </file>
  <file path="C:\Users\rebek\OneDrive - University of Canterbury\SENG302\Project\client\src\Test\FeedCard.test.js">
    <testCase name="Is a vue instance" duration="192"/>
    <testCase name="The feed card Displays a description of what happened" duration="208"/>
    <testCase name="The feed card Displays a timestamp" duration="174"/>
    <testCase name="The feed card Does not have any buttons for a delete event" duration="204"/>
    <testCase name="The feed card Has a button to view the activity for a follow event" duration="399"/>
    <testCase name="The extract data method Sets the time for events that occurred in the last 10s to &quot;Just now&quot;" duration="213"/>
    <testCase name="The extract data method Sets the time for events that occurred 1 minutes ago to &quot;%s minutes ago&quot;" duration="283"/>
    <testCase name="The extract data method Sets the time for events that occurred 10 minutes ago to &quot;%s minutes ago&quot;" duration="264"/>
    <testCase name="The extract data method Sets the time for events that occurred 37 minutes ago to &quot;%s minutes ago&quot;" duration="248"/>
    <testCase name="The extract data method Sets the time for events that occurred 59 minutes ago to &quot;%s minutes ago&quot;" duration="247"/>
    <testCase name="The extract data method Sets the time for events that occurred 1 hours ago to &quot;%s hours ago&quot;" duration="252"/>
    <testCase name="The extract data method Sets the time for events that occurred 9 hours ago to &quot;%s hours ago&quot;" duration="276"/>
    <testCase name="The extract data method Sets the time for events that occurred 17 hours ago to &quot;%s hours ago&quot;" duration="241"/>
    <testCase name="The extract data method Sets the time for events that occurred 23 hours ago to &quot;%s hours ago&quot;" duration="230"/>
    <testCase name="The extract data method Sets the time for events that occurred 1 days ago to &quot;%s days ago&quot;" duration="253"/>
    <testCase name="The extract data method Sets the time for events that occurred 31 days ago to &quot;%s days ago&quot;" duration="234"/>
    <testCase name="The extract data method Sets the time for events that occurred 157 days ago to &quot;%s days ago&quot;" duration="247"/>
    <testCase name="The extract data method Sets the time for events that occurred 76543 days ago to &quot;%s days ago&quot;" duration="208"/>
    <testCase name="The extract data method Sets the first name of the person who triggered the event" duration="174"/>
    <testCase name="The extract data method Sets the last name of the person who triggered the event" duration="195"/>
    <testCase name="The extract data method Sets the activity title of the event concerned" duration="190"/>
    <testCase name="The extract data method Sets the outcome title of an outcome" duration="189"/>
  </file>
  <file path="C:\Users\rebek\OneDrive - University of Canterbury\SENG302\Project\client\src\Test\UserSearch.test.js">
    <testCase name="Is a vue instance" duration="35"/>
    <testCase name="Activities search box exists" duration="25"/>
    <testCase name="Search button exists" duration="31"/>
    <testCase name="And search operator radio button exists" duration="23"/>
    <testCase name="Or search operator radio button exists" duration="24"/>
    <testCase name="Searching user based on activity types With the &apos;or&apos; method Search user with one activity type &apos;hiking&apos;" duration="52"/>
    <testCase name="Searching user based on activity types With the &apos;or&apos; method Search user with two activity types &apos;hiking&apos; and &apos;biking&apos;" duration="58"/>
    <testCase name="Fetch list of activity types from back-end" duration="43"/>
    <testCase name="Pagination limits the user cards displayed to the user First page contains usersPerPage number of users (1st half of users)" duration="43"/>
    <testCase name="Pagination limits the user cards displayed to the user Second page contains usersPerPage number of users (2nd half of users)" duration="43"/>
  </file>
  <file path="C:\Users\rebek\OneDrive - University of Canterbury\SENG302\Project\client\src\Test\Register.test.js">
    <testCase name="Is a vue instance" duration="128"/>
    <testCase name="AC4 first-name is marked as a mandatory attribute (with an asterisk)" duration="144"/>
    <testCase name="AC4 last-name is marked as a mandatory attribute (with an asterisk)" duration="117"/>
    <testCase name="AC4 email is marked as a mandatory attribute (with an asterisk)" duration="115"/>
    <testCase name="AC4 password is marked as a mandatory attribute (with an asterisk)" duration="115"/>
    <testCase name="AC4 passwordCheck is marked as a mandatory attribute (with an asterisk)" duration="90"/>
    <testCase name="AC4 gender is marked as a mandatory attribute (with an asterisk)" duration="122"/>
    <testCase name="AC4 date_of_birth is marked as a mandatory attribute (with an asterisk)" duration="118"/>
    <testCase name="AC7 Gender dropdown menu contains “male”, “female”, and “non-binary”" duration="93"/>
    <testCase name="isValidDOB checks that a date of birth is older than number of years should be false if age is *less* than 13" duration="68"/>
    <testCase name="isValidDOB checks that a date of birth is older than number of years should be true if age is *greater* than 13" duration="131"/>
    <testCase name="AC9 User is taken to homepage on register" duration="232"/>
  </file>
  <file path="C:\Users\rebek\OneDrive - University of Canterbury\SENG302\Project\client\src\Test\ActivityForm.test.js">
    <testCase name="Is a vue instance" duration="186"/>
    <testCase name="Outcome title input exists" duration="122"/>
    <testCase name="Outcome unit_name input exists" duration="109"/>
    <testCase name="Outcome title word count exists" duration="122"/>
    <testCase name="Outcome unit_name word count exists" duration="88"/>
    <testCase name="Add outcome button exists" duration="88"/>
    <testCase name="Outcomes table exists" duration="80"/>
  </file>
  <file path="C:\Users\rebek\OneDrive - University of Canterbury\SENG302\Project\client\src\Test\ActivitySearch.test.js">
    <testCase name="Is a vue instance" duration="124"/>
    <testCase name="Activities search box exists" duration="84"/>
    <testCase name="Search button exists" duration="72"/>
    <testCase name="And search operator radio button exists" duration="81"/>
    <testCase name="Or search operator radio button exists" duration="54"/>
  </file>
  <file path="C:\Users\rebek\OneDrive - University of Canterbury\SENG302\Project\client\src\Test\ActivityCard.test.js">
    <testCase name="Is a vue instance" duration="33"/>
    <testCase name="The ActivityCard errors Displays an error card if creator name is not found" duration="44"/>
    <testCase name="The ActivityCard elements Displays a card with no errors" duration="21"/>
    <testCase name="The ActivityCard elements Displays activity name and creator name" duration="31"/>
    <testCase name="The ActivityCard elements Displays a button for redirecting" duration="21"/>
    <testCase name="The ActivityCard elements Displays ActivityTypes that were both searched for, and match the activity" duration="26"/>
    <testCase name="The ActivityCard elements Does not display ActivityTypes that were searched for, and do not match the activity" duration="20"/>
    <testCase name="The ActivityCard elements Displays activity info" duration="28"/>
  </file>
  <file path="C:\Users\rebek\OneDrive - University of Canterbury\SENG302\Project\client\src\Test\AddResults.test.js">
    <testCase name="Is a vue instance" duration="28"/>
    <testCase name="displays 1 outcome card" duration="80"/>
    <testCase name="The active users result is already submitted displays 1 submit result button" duration="19"/>
    <testCase name="The active users result are not yet submitted displays 1 input for the result" duration="39"/>
    <testCase name="The active users result are not yet submitted displays 1 submit result button" duration="28"/>
  </file>
  <file path="C:\Users\rebek\OneDrive - University of Canterbury\SENG302\Project\client\src\Test\ViewResults.test.js">
    <testCase name="Is a vue instance" duration="23"/>
    <testCase name="The activity has outcomes and results Displays a result button" duration="19"/>
    <testCase name="The activity has outcomes and results Displays a collapse element" duration="17"/>
    <testCase name="The activity has outcomes and results Displays 1 result card" duration="18"/>
    <testCase name="The activity has outcomes and results Displays result text" duration="16"/>
    <testCase name="The activity has outcomes but and no results Displays no result cards" duration="31"/>
    <testCase name="The activity has outcomes but and no results Displays no result card test" duration="38"/>
    <testCase name="The activity has no outcomes Displays no result button" duration="19"/>
    <testCase name="The activity has no outcomes Displays no collapse element" duration="16"/>
  </file>
  <file path="C:\Users\rebek\OneDrive - University of Canterbury\SENG302\Project\client\src\Test\Header.test.js">
    <testCase name="Is a vue instance" duration="48"/>
    <testCase name="Logo is on the page" duration="32"/>
    <testCase name="Toggle button for collapsible nav-bar exists" duration="45"/>
    <testCase name="There are 5 possible collapsible links, when logged in" duration="56"/>
    <testCase name="There are 2 possible collapsible links, when not logged in" duration="25"/>
  </file>
  <file path="C:\Users\rebek\OneDrive - University of Canterbury\SENG302\Project\client\src\Test\ViewParticipants.test.js">
    <testCase name="Is a vue instance" duration="18"/>
    <testCase name="Has 2 participants Displays 2 participants" duration="9"/>
    <testCase name="Has 2 participants The no participant message does not exist" duration="10"/>
    <testCase name="Had no participants Participant buttons do not exist" duration="14"/>
    <testCase name="Had no participants When there are no participants, it displays &apos;No participants to show&apos;" duration="18"/>
  </file>
  <file path="C:\Users\rebek\OneDrive - University of Canterbury\SENG302\Project\client\src\Test\HomeFeed.test.js">
    <testCase name="Check that feed event data is fetched and rendered properly" duration="165"/>
  </file>
  <file path="C:\Users\rebek\OneDrive - University of Canterbury\SENG302\Project\client\src\Test\UserCard.test.js">
    <testCase name="Is a vue instance" duration="30"/>
    <testCase name="The UserCard Displays Full Name" duration="28"/>
    <testCase name="The UserCard Displays Email and Bio" duration="34"/>
    <testCase name="The UserCard Displays ActivityTypes that were both searched for, and match the user" duration="28"/>
    <testCase name="The View User Modal View User Modal title contains Full Name" duration="26"/>
    <testCase name="The View User Modal View User Modal title contains go to profile button" duration="18"/>
  </file>
  <file path="C:\Users\rebek\OneDrive - University of Canterbury\SENG302\Project\client\src\Test\CreateActivity.test.js">
    <testCase name="Is a vue instance" duration="1"/>
    <testCase name="Adds 2 Outcomes and deletes an Outcome to outcomeList" duration="23"/>
    <testCase name="Catches an http status error of 400 or an invalid activity field when create activity form is submitted and gives user an appropriate alert" duration="4"/>
    <testCase name="Catches an http status error of 401 or user not authenticated when create activity form is submitted and takes user to login page" duration="7"/>
    <testCase name="Catches an http status error of 403 or forbidden access when create activity form is submitted and gives user an appropriate alert" duration="11"/>
    <testCase name="Catches an http status error that isnt 401, 404, 403 and gives the user an appropriate alert" duration="4"/>
    <testCase name="Creates the correct Outcome payload" duration="4"/>
  </file>
  <file path="C:\Users\rebek\OneDrive - University of Canterbury\SENG302\Project\client\src\Test\Search.test.js">
    <testCase name="Is a vue instance" duration="23"/>
    <testCase name="Search mode selector exists" duration="19"/>
  </file>
  <file path="C:\Users\rebek\OneDrive - University of Canterbury\SENG302\Project\client\src\Test\HomeLayout.test.js">
    <testCase name="Is a vue instance" duration="10"/>
    <testCase name="Logo is on the page" duration="8"/>
    <testCase name="AC1 Has 2 buttons" duration="8"/>
    <testCase name="AC1 Has a register button" duration="6"/>
    <testCase name="AC1 Has a login button" duration="8"/>
  </file>
  <file path="C:\Users\rebek\OneDrive - University of Canterbury\SENG302\Project\client\src\Test\util.test.js">
    <testCase name="Timezone conversion functions From Back End to Front End Back end date in UTC time" duration="2"/>
    <testCase name="Timezone conversion functions From Back End to Front End UTC date at one to midnight" duration="1"/>
    <testCase name="Timezone conversion functions From Back End to Front End UTC date at exactly midnight" duration="1"/>
    <testCase name="Timezone conversion functions From Back End to Front End Invalid UTC date after midnight" duration="1"/>
    <testCase name="Timezone conversion functions From Front End to Back End Front end date 9pm" duration="1"/>
    <testCase name="Timezone conversion functions From Front End to Back End Test invalid UTC date after midnight" duration="1"/>
    <testCase name="Convert ISO8601 into readable date and AM/PM time Receive UTC time from back-end Test UTC date formatted with correct single digit AM time" duration="1"/>
    <testCase name="Convert ISO8601 into readable date and AM/PM time Receive UTC time from back-end Test UTC date formatted with correct single digit PM time" duration="1"/>
    <testCase name="Convert ISO8601 into readable date and AM/PM time Receive UTC time from back-end Test UTC date formatted with correct double digit 12:00 AM time" duration="2"/>
    <testCase name="Convert ISO8601 into readable date and AM/PM time Receive UTC time from back-end Test UTC date formatted with correct double digit 12:00 PM time" duration="1"/>
    <testCase name="Test current time functions currentDateBackend returns a valid date" duration="2"/>
    <testCase name="Test current time functions currentDateFrontend returns a valid date" duration="1"/>
  </file>
</testExecutions>