<?xml version="1.0" encoding="UTF-8"?>
<testExecutions version="1">
  <file path="C:\Users\rebek\OneDrive - University of Canterbury\SENG302\Project\client\src\Test\EditEmail.test.js">
    <testCase name="Is a vue instance" duration="263"/>
    <testCase name="Displays Primary Email" duration="279"/>
    <testCase name="Displays Secondary Emails" duration="210"/>
    <testCase name="Make Secondary Primary" duration="293"/>
    <testCase name="Add Secondary Email" duration="294"/>
    <testCase name="Add More than 5 Emails" duration="380"/>
    <testCase name="Delete Secondary Email" duration="218"/>
    <testCase name="Delete All Secondary Emails" duration="267"/>
  </file>
</testExecutions>