<?xml version="1.0" encoding="UTF-8"?>
<testExecutions version="1">
  <file path="C:\Users\rebek\OneDrive - University of Canterbury\SENG302\Project\client\src\Test\Header.test.js">
    <testCase name="Is a vue instance" duration="183"/>
    <testCase name="Logo is on the page" duration="55"/>
    <testCase name="Toggle button for collapsible nav-bar exists" duration="45"/>
    <testCase name="There are 5 possible collapsible links, when logged in" duration="108"/>
    <testCase name="There are 2 possible collapsible links, when not logged in" duration="34"/>
  </file>
</testExecutions>