<?xml version="1.0" encoding="UTF-8"?>
<testExecutions version="1">
  <file path="/Users/euan/Desktop/uni/SENG302/team-600/client/src/Test/ActivityForm.test.js">
    <testCase name="Is a vue instance" duration="238"/>
    <testCase name="Outcome title input exists" duration="155"/>
    <testCase name="Outcome unit_name input exists" duration="107"/>
    <testCase name="Outcome title word count exists" duration="119"/>
    <testCase name="Outcome unit_name word count exists" duration="74"/>
    <testCase name="Add outcome button exists" duration="87"/>
    <testCase name="Outcomes table exists" duration="73"/>
  </file>
</testExecutions>