<?xml version="1.0" encoding="UTF-8"?>
<testExecutions version="1">
  <file path="/Users/Ben/Desktop/SENG302/project/team-600/client/src/Test/MapViewer.test.js">
  </file>
</testExecutions>