<?xml version="1.0" encoding="UTF-8"?>
<testExecutions version="1">
  <file path="C:\Users\games\Documents\2020\SENG302\SENG302 Project\team-600\client\src\Test\EditDetails.test.js">
    <testCase name="Is a vue instance" duration="491"/>
    <testCase name="Successful changes Mutate first name" duration="322"/>
    <testCase name="Successful changes Names with hyphens and apostrophes" duration="334"/>
    <testCase name="Successful changes Mutate middle name" duration="253"/>
    <testCase name="Successful changes Empty middle name" duration="275"/>
    <testCase name="Successful changes Mutate last name" duration="268"/>
    <testCase name="Successful changes Mutate nickname" duration="271"/>
    <testCase name="Successful changes Empty nickname" duration="256"/>
    <testCase name="Successful changes Mutate bio" duration="258"/>
    <testCase name="Successful changes Empty bio" duration="236"/>
    <testCase name="Unsuccessful changes Empty first name" duration="232"/>
    <testCase name="Unsuccessful changes Numbered first name" duration="226"/>
    <testCase name="Unsuccessful changes Empty last name" duration="244"/>
    <testCase name="Unsuccessful changes Numbered last name" duration="239"/>
    <testCase name="Unsuccessful changes Numbered last name" duration="249"/>
    <testCase name="Required fields Required fields are marked" duration="324"/>
    <testCase name="Required fields Not required fields are not marked" duration="312"/>
  </file>
</testExecutions>