<?xml version="1.0" encoding="UTF-8"?>
<testExecutions version="1">
  <file path="/Users/ethanburnett/Computer Science/SENG302/team-600/client/src/Test/ViewActivity.test.js">
    <testCase name="Is a vue instance" duration="326"/>
    <testCase name="The view activity page displays the activity title" duration="326"/>
    <testCase name="The view activity page displays the activity description" duration="399"/>
    <testCase name="The view activity page displays the activity location" duration="313"/>
    <testCase name="The view activity page has a view participants button" duration="313"/>
    <testCase name="The view activity page has a view results button" duration="354"/>
    <testCase name="The view activity page shows the activity type" duration="309"/>
    <testCase name="The view activity page has a view participants modal" duration="304"/>
    <testCase name="The view activity page displays 2 participants" duration="328"/>
    <testCase name="The view activity page has add result model" duration="327"/>
    <testCase name="The view activity page displays 1 outcome card" duration="258"/>
    <testCase name="The view activity page displays 1 input for the result" duration="295"/>
    <testCase name="The view activity page displays 1 submit result button" duration="324"/>
    <testCase name="As an activity creator I cannot see the follow button" duration="8"/>
    <testCase name="As an activity creator I cannot see the unfollow button" duration="2"/>
    <testCase name="As an activity creator I can see the edit activity button" duration="1"/>
    <testCase name="As an activity creator I can see the add results button" duration="1"/>
    <testCase name="If I&apos;m following an activity I can see the unfollow button" duration="399"/>
    <testCase name="If I&apos;m following an activity I can&apos;t see the follow button" duration="310"/>
    <testCase name="If I&apos;m following an activity I can&apos;t see the edit activity button" duration="285"/>
    <testCase name="If I&apos;m following an activity I can see the add results button" duration="292"/>
    <testCase name="If I am not following the activity I can&apos;t see the unfollow button" duration="292"/>
    <testCase name="If I am not following the activity I can see the follow button" duration="276"/>
    <testCase name="If I am not following the activity I can&apos;t see the edit activity button" duration="252"/>
    <testCase name="If I am not following the activity I can&apos;t see the add results button" duration="391"/>
    <testCase name="When there are no participants When there are no participants, it displays &apos;No participants to show&apos;" duration="289"/>
  </file>
</testExecutions>