<?xml version="1.0" encoding="UTF-8"?>
<testExecutions version="1">
  <file path="C:\Users\rebek\OneDrive - University of Canterbury\SENG302\Project\client\src\Test\EditEmail.test.js">
    <testCase name="Is a vue instance" duration="175"/>
    <testCase name="Displays Primary Email" duration="211"/>
    <testCase name="Displays Secondary Emails" duration="192"/>
    <testCase name="Make Secondary Primary" duration="207"/>
    <testCase name="Add Secondary Email" duration="200"/>
    <testCase name="Add More than 5 Emails" duration="198"/>
    <testCase name="Delete Secondary Email" duration="195"/>
    <testCase name="Delete All Secondary Emails" duration="191"/>
  </file>
</testExecutions>