<?xml version="1.0" encoding="UTF-8"?>
<testExecutions version="1">
  <file path="D:\Documents\UC 300\SENG 302\team-600\client\src\Test\LocationIO.test.js">
    <testCase name="Is a vue instance" duration="81">
      <failure message="TypeError: Cannot read property &apos;gmapApi&apos; of null"><![CDATA[TypeError: Cannot read property 'gmapApi' of null
    at VueComponent.gmapApi (D:\Documents\UC 300\SENG 302\team-600\client\node_modules\gmap-vue\dist\main.js:220:18)
    at Watcher.get (D:\Documents\UC 300\SENG 302\team-600\client\node_modules\vue\dist\vue.runtime.common.dev.js:4465:25)
    at Watcher.evaluate (D:\Documents\UC 300\SENG 302\team-600\client\node_modules\vue\dist\vue.runtime.common.dev.js:4570:21)
    at Proxy.computedGetter (D:\Documents\UC 300\SENG 302\team-600\client\node_modules\vue\dist\vue.runtime.common.dev.js:4819:17)
    at D:\Documents\UC 300\SENG 302\team-600\client\src\components\Map\MapViewer.vue:81:414
    at Proxy.renderList (D:\Documents\UC 300\SENG 302\team-600\client\node_modules\vue\dist\vue.runtime.common.dev.js:2624:16)
    at Proxy.render (D:\Documents\UC 300\SENG 302\team-600\client\src\components\Map\MapViewer.vue:81:300)
    at VueComponent.Vue._render (D:\Documents\UC 300\SENG 302\team-600\client\node_modules\vue\dist\vue.runtime.common.dev.js:3538:22)
    at VueComponent.updateComponent (D:\Documents\UC 300\SENG 302\team-600\client\node_modules\vue\dist\vue.runtime.common.dev.js:4054:21)
    at Watcher.get (D:\Documents\UC 300\SENG 302\team-600\client\node_modules\vue\dist\vue.runtime.common.dev.js:4465:25)
    at new Watcher (D:\Documents\UC 300\SENG 302\team-600\client\node_modules\vue\dist\vue.runtime.common.dev.js:4454:12)
    at mountComponent (D:\Documents\UC 300\SENG 302\team-600\client\node_modules\vue\dist\vue.runtime.common.dev.js:4061:3)
    at VueComponent.Object.<anonymous>.Vue.$mount (D:\Documents\UC 300\SENG 302\team-600\client\node_modules\vue\dist\vue.runtime.common.dev.js:8392:10)
    at init (D:\Documents\UC 300\SENG 302\team-600\client\node_modules\vue\dist\vue.runtime.common.dev.js:3112:13)
    at createComponent (D:\Documents\UC 300\SENG 302\team-600\client\node_modules\vue\dist\vue.runtime.common.dev.js:5958:9)
    at createElm (D:\Documents\UC 300\SENG 302\team-600\client\node_modules\vue\dist\vue.runtime.common.dev.js:5905:9)
    at createChildren (D:\Documents\UC 300\SENG 302\team-600\client\node_modules\vue\dist\vue.runtime.common.dev.js:6033:9)
    at createElm (D:\Documents\UC 300\SENG 302\team-600\client\node_modules\vue\dist\vue.runtime.common.dev.js:5934:9)
    at VueComponent.patch [as __patch__] (D:\Documents\UC 300\SENG 302\team-600\client\node_modules\vue\dist\vue.runtime.common.dev.js:6455:7)
    at VueComponent.Vue._update (D:\Documents\UC 300\SENG 302\team-600\client\node_modules\vue\dist\vue.runtime.common.dev.js:3933:19)
    at VueComponent.updateComponent (D:\Documents\UC 300\SENG 302\team-600\client\node_modules\vue\dist\vue.runtime.common.dev.js:4054:10)
    at Watcher.get (D:\Documents\UC 300\SENG 302\team-600\client\node_modules\vue\dist\vue.runtime.common.dev.js:4465:25)
    at new Watcher (D:\Documents\UC 300\SENG 302\team-600\client\node_modules\vue\dist\vue.runtime.common.dev.js:4454:12)
    at mountComponent (D:\Documents\UC 300\SENG 302\team-600\client\node_modules\vue\dist\vue.runtime.common.dev.js:4061:3)
    at VueComponent.Object.<anonymous>.Vue.$mount (D:\Documents\UC 300\SENG 302\team-600\client\node_modules\vue\dist\vue.runtime.common.dev.js:8392:10)
    at init (D:\Documents\UC 300\SENG 302\team-600\client\node_modules\vue\dist\vue.runtime.common.dev.js:3112:13)
    at createComponent (D:\Documents\UC 300\SENG 302\team-600\client\node_modules\vue\dist\vue.runtime.common.dev.js:5958:9)
    at createElm (D:\Documents\UC 300\SENG 302\team-600\client\node_modules\vue\dist\vue.runtime.common.dev.js:5905:9)
    at VueComponent.patch [as __patch__] (D:\Documents\UC 300\SENG 302\team-600\client\node_modules\vue\dist\vue.runtime.common.dev.js:6455:7)
    at VueComponent.Vue._update (D:\Documents\UC 300\SENG 302\team-600\client\node_modules\vue\dist\vue.runtime.common.dev.js:3933:19)
    at VueComponent.updateComponent (D:\Documents\UC 300\SENG 302\team-600\client\node_modules\vue\dist\vue.runtime.common.dev.js:4054:10)
    at Watcher.get (D:\Documents\UC 300\SENG 302\team-600\client\node_modules\vue\dist\vue.runtime.common.dev.js:4465:25)
    at new Watcher (D:\Documents\UC 300\SENG 302\team-600\client\node_modules\vue\dist\vue.runtime.common.dev.js:4454:12)
    at mountComponent (D:\Documents\UC 300\SENG 302\team-600\client\node_modules\vue\dist\vue.runtime.common.dev.js:4061:3)
    at VueComponent.Object.<anonymous>.Vue.$mount (D:\Documents\UC 300\SENG 302\team-600\client\node_modules\vue\dist\vue.runtime.common.dev.js:8392:10)
    at mount (D:\Documents\UC 300\SENG 302\team-600\client\node_modules\@vue\test-utils\dist\vue-test-utils.js:13855:21)
    at Object.<anonymous> (D:\Documents\UC 300\SENG 302\team-600\client\src\Test\LocationIO.test.js:9:18)
    at Object.asyncJestLifecycle (D:\Documents\UC 300\SENG 302\team-600\client\node_modules\jest-jasmine2\build\jasmineAsyncInstall.js:53:37)
    at D:\Documents\UC 300\SENG 302\team-600\client\node_modules\jest-jasmine2\build\queueRunner.js:45:12
    at new Promise (<anonymous>)
    at mapper (D:\Documents\UC 300\SENG 302\team-600\client\node_modules\jest-jasmine2\build\queueRunner.js:28:19)
    at D:\Documents\UC 300\SENG 302\team-600\client\node_modules\jest-jasmine2\build\queueRunner.js:75:41
    at processTicksAndRejections (internal/process/task_queues.js:97:5)]]></failure>
      <failure message="TypeError: Cannot read property &apos;isVueInstance&apos; of undefined"><![CDATA[TypeError: Cannot read property 'isVueInstance' of undefined
    at Object.<anonymous> (D:\Documents\UC 300\SENG 302\team-600\client\src\Test\LocationIO.test.js:14:23)
    at Object.asyncJestTest (D:\Documents\UC 300\SENG 302\team-600\client\node_modules\jest-jasmine2\build\jasmineAsyncInstall.js:100:37)
    at D:\Documents\UC 300\SENG 302\team-600\client\node_modules\jest-jasmine2\build\queueRunner.js:45:12
    at new Promise (<anonymous>)
    at mapper (D:\Documents\UC 300\SENG 302\team-600\client\node_modules\jest-jasmine2\build\queueRunner.js:28:19)
    at D:\Documents\UC 300\SENG 302\team-600\client\node_modules\jest-jasmine2\build\queueRunner.js:75:41
    at processTicksAndRejections (internal/process/task_queues.js:97:5)]]></failure>
    </testCase>
    <testCase name="Location input  exists" duration="30">
      <failure message="TypeError: Cannot read property &apos;gmapApi&apos; of null"><![CDATA[TypeError: Cannot read property 'gmapApi' of null
    at VueComponent.gmapApi (D:\Documents\UC 300\SENG 302\team-600\client\node_modules\gmap-vue\dist\main.js:220:18)
    at Watcher.get (D:\Documents\UC 300\SENG 302\team-600\client\node_modules\vue\dist\vue.runtime.common.dev.js:4465:25)
    at Watcher.evaluate (D:\Documents\UC 300\SENG 302\team-600\client\node_modules\vue\dist\vue.runtime.common.dev.js:4570:21)
    at Proxy.computedGetter (D:\Documents\UC 300\SENG 302\team-600\client\node_modules\vue\dist\vue.runtime.common.dev.js:4819:17)
    at D:\Documents\UC 300\SENG 302\team-600\client\src\components\Map\MapViewer.vue:81:414
    at Proxy.renderList (D:\Documents\UC 300\SENG 302\team-600\client\node_modules\vue\dist\vue.runtime.common.dev.js:2624:16)
    at Proxy.render (D:\Documents\UC 300\SENG 302\team-600\client\src\components\Map\MapViewer.vue:81:300)
    at VueComponent.Vue._render (D:\Documents\UC 300\SENG 302\team-600\client\node_modules\vue\dist\vue.runtime.common.dev.js:3538:22)
    at VueComponent.updateComponent (D:\Documents\UC 300\SENG 302\team-600\client\node_modules\vue\dist\vue.runtime.common.dev.js:4054:21)
    at Watcher.get (D:\Documents\UC 300\SENG 302\team-600\client\node_modules\vue\dist\vue.runtime.common.dev.js:4465:25)
    at new Watcher (D:\Documents\UC 300\SENG 302\team-600\client\node_modules\vue\dist\vue.runtime.common.dev.js:4454:12)
    at mountComponent (D:\Documents\UC 300\SENG 302\team-600\client\node_modules\vue\dist\vue.runtime.common.dev.js:4061:3)
    at VueComponent.Object.<anonymous>.Vue.$mount (D:\Documents\UC 300\SENG 302\team-600\client\node_modules\vue\dist\vue.runtime.common.dev.js:8392:10)
    at init (D:\Documents\UC 300\SENG 302\team-600\client\node_modules\vue\dist\vue.runtime.common.dev.js:3112:13)
    at createComponent (D:\Documents\UC 300\SENG 302\team-600\client\node_modules\vue\dist\vue.runtime.common.dev.js:5958:9)
    at createElm (D:\Documents\UC 300\SENG 302\team-600\client\node_modules\vue\dist\vue.runtime.common.dev.js:5905:9)
    at createChildren (D:\Documents\UC 300\SENG 302\team-600\client\node_modules\vue\dist\vue.runtime.common.dev.js:6033:9)
    at createElm (D:\Documents\UC 300\SENG 302\team-600\client\node_modules\vue\dist\vue.runtime.common.dev.js:5934:9)
    at VueComponent.patch [as __patch__] (D:\Documents\UC 300\SENG 302\team-600\client\node_modules\vue\dist\vue.runtime.common.dev.js:6455:7)
    at VueComponent.Vue._update (D:\Documents\UC 300\SENG 302\team-600\client\node_modules\vue\dist\vue.runtime.common.dev.js:3933:19)
    at VueComponent.updateComponent (D:\Documents\UC 300\SENG 302\team-600\client\node_modules\vue\dist\vue.runtime.common.dev.js:4054:10)
    at Watcher.get (D:\Documents\UC 300\SENG 302\team-600\client\node_modules\vue\dist\vue.runtime.common.dev.js:4465:25)
    at new Watcher (D:\Documents\UC 300\SENG 302\team-600\client\node_modules\vue\dist\vue.runtime.common.dev.js:4454:12)
    at mountComponent (D:\Documents\UC 300\SENG 302\team-600\client\node_modules\vue\dist\vue.runtime.common.dev.js:4061:3)
    at VueComponent.Object.<anonymous>.Vue.$mount (D:\Documents\UC 300\SENG 302\team-600\client\node_modules\vue\dist\vue.runtime.common.dev.js:8392:10)
    at init (D:\Documents\UC 300\SENG 302\team-600\client\node_modules\vue\dist\vue.runtime.common.dev.js:3112:13)
    at createComponent (D:\Documents\UC 300\SENG 302\team-600\client\node_modules\vue\dist\vue.runtime.common.dev.js:5958:9)
    at createElm (D:\Documents\UC 300\SENG 302\team-600\client\node_modules\vue\dist\vue.runtime.common.dev.js:5905:9)
    at VueComponent.patch [as __patch__] (D:\Documents\UC 300\SENG 302\team-600\client\node_modules\vue\dist\vue.runtime.common.dev.js:6455:7)
    at VueComponent.Vue._update (D:\Documents\UC 300\SENG 302\team-600\client\node_modules\vue\dist\vue.runtime.common.dev.js:3933:19)
    at VueComponent.updateComponent (D:\Documents\UC 300\SENG 302\team-600\client\node_modules\vue\dist\vue.runtime.common.dev.js:4054:10)
    at Watcher.get (D:\Documents\UC 300\SENG 302\team-600\client\node_modules\vue\dist\vue.runtime.common.dev.js:4465:25)
    at new Watcher (D:\Documents\UC 300\SENG 302\team-600\client\node_modules\vue\dist\vue.runtime.common.dev.js:4454:12)
    at mountComponent (D:\Documents\UC 300\SENG 302\team-600\client\node_modules\vue\dist\vue.runtime.common.dev.js:4061:3)
    at VueComponent.Object.<anonymous>.Vue.$mount (D:\Documents\UC 300\SENG 302\team-600\client\node_modules\vue\dist\vue.runtime.common.dev.js:8392:10)
    at mount (D:\Documents\UC 300\SENG 302\team-600\client\node_modules\@vue\test-utils\dist\vue-test-utils.js:13855:21)
    at Object.<anonymous> (D:\Documents\UC 300\SENG 302\team-600\client\src\Test\LocationIO.test.js:9:18)
    at Object.asyncJestLifecycle (D:\Documents\UC 300\SENG 302\team-600\client\node_modules\jest-jasmine2\build\jasmineAsyncInstall.js:53:37)
    at D:\Documents\UC 300\SENG 302\team-600\client\node_modules\jest-jasmine2\build\queueRunner.js:45:12
    at new Promise (<anonymous>)
    at mapper (D:\Documents\UC 300\SENG 302\team-600\client\node_modules\jest-jasmine2\build\queueRunner.js:28:19)
    at D:\Documents\UC 300\SENG 302\team-600\client\node_modules\jest-jasmine2\build\queueRunner.js:75:41
    at processTicksAndRejections (internal/process/task_queues.js:97:5)]]></failure>
      <failure message="TypeError: Cannot read property &apos;find&apos; of undefined"><![CDATA[TypeError: Cannot read property 'find' of undefined
    at Object.<anonymous> (D:\Documents\UC 300\SENG 302\team-600\client\src\Test\LocationIO.test.js:18:23)
    at Object.asyncJestTest (D:\Documents\UC 300\SENG 302\team-600\client\node_modules\jest-jasmine2\build\jasmineAsyncInstall.js:100:37)
    at D:\Documents\UC 300\SENG 302\team-600\client\node_modules\jest-jasmine2\build\queueRunner.js:45:12
    at new Promise (<anonymous>)
    at mapper (D:\Documents\UC 300\SENG 302\team-600\client\node_modules\jest-jasmine2\build\queueRunner.js:28:19)
    at D:\Documents\UC 300\SENG 302\team-600\client\node_modules\jest-jasmine2\build\queueRunner.js:75:41
    at processTicksAndRejections (internal/process/task_queues.js:97:5)]]></failure>
    </testCase>
    <testCase name="Location submit button exists" duration="22">
      <failure message="TypeError: Cannot read property &apos;gmapApi&apos; of null"><![CDATA[TypeError: Cannot read property 'gmapApi' of null
    at VueComponent.gmapApi (D:\Documents\UC 300\SENG 302\team-600\client\node_modules\gmap-vue\dist\main.js:220:18)
    at Watcher.get (D:\Documents\UC 300\SENG 302\team-600\client\node_modules\vue\dist\vue.runtime.common.dev.js:4465:25)
    at Watcher.evaluate (D:\Documents\UC 300\SENG 302\team-600\client\node_modules\vue\dist\vue.runtime.common.dev.js:4570:21)
    at Proxy.computedGetter (D:\Documents\UC 300\SENG 302\team-600\client\node_modules\vue\dist\vue.runtime.common.dev.js:4819:17)
    at D:\Documents\UC 300\SENG 302\team-600\client\src\components\Map\MapViewer.vue:81:414
    at Proxy.renderList (D:\Documents\UC 300\SENG 302\team-600\client\node_modules\vue\dist\vue.runtime.common.dev.js:2624:16)
    at Proxy.render (D:\Documents\UC 300\SENG 302\team-600\client\src\components\Map\MapViewer.vue:81:300)
    at VueComponent.Vue._render (D:\Documents\UC 300\SENG 302\team-600\client\node_modules\vue\dist\vue.runtime.common.dev.js:3538:22)
    at VueComponent.updateComponent (D:\Documents\UC 300\SENG 302\team-600\client\node_modules\vue\dist\vue.runtime.common.dev.js:4054:21)
    at Watcher.get (D:\Documents\UC 300\SENG 302\team-600\client\node_modules\vue\dist\vue.runtime.common.dev.js:4465:25)
    at new Watcher (D:\Documents\UC 300\SENG 302\team-600\client\node_modules\vue\dist\vue.runtime.common.dev.js:4454:12)
    at mountComponent (D:\Documents\UC 300\SENG 302\team-600\client\node_modules\vue\dist\vue.runtime.common.dev.js:4061:3)
    at VueComponent.Object.<anonymous>.Vue.$mount (D:\Documents\UC 300\SENG 302\team-600\client\node_modules\vue\dist\vue.runtime.common.dev.js:8392:10)
    at init (D:\Documents\UC 300\SENG 302\team-600\client\node_modules\vue\dist\vue.runtime.common.dev.js:3112:13)
    at createComponent (D:\Documents\UC 300\SENG 302\team-600\client\node_modules\vue\dist\vue.runtime.common.dev.js:5958:9)
    at createElm (D:\Documents\UC 300\SENG 302\team-600\client\node_modules\vue\dist\vue.runtime.common.dev.js:5905:9)
    at createChildren (D:\Documents\UC 300\SENG 302\team-600\client\node_modules\vue\dist\vue.runtime.common.dev.js:6033:9)
    at createElm (D:\Documents\UC 300\SENG 302\team-600\client\node_modules\vue\dist\vue.runtime.common.dev.js:5934:9)
    at VueComponent.patch [as __patch__] (D:\Documents\UC 300\SENG 302\team-600\client\node_modules\vue\dist\vue.runtime.common.dev.js:6455:7)
    at VueComponent.Vue._update (D:\Documents\UC 300\SENG 302\team-600\client\node_modules\vue\dist\vue.runtime.common.dev.js:3933:19)
    at VueComponent.updateComponent (D:\Documents\UC 300\SENG 302\team-600\client\node_modules\vue\dist\vue.runtime.common.dev.js:4054:10)
    at Watcher.get (D:\Documents\UC 300\SENG 302\team-600\client\node_modules\vue\dist\vue.runtime.common.dev.js:4465:25)
    at new Watcher (D:\Documents\UC 300\SENG 302\team-600\client\node_modules\vue\dist\vue.runtime.common.dev.js:4454:12)
    at mountComponent (D:\Documents\UC 300\SENG 302\team-600\client\node_modules\vue\dist\vue.runtime.common.dev.js:4061:3)
    at VueComponent.Object.<anonymous>.Vue.$mount (D:\Documents\UC 300\SENG 302\team-600\client\node_modules\vue\dist\vue.runtime.common.dev.js:8392:10)
    at init (D:\Documents\UC 300\SENG 302\team-600\client\node_modules\vue\dist\vue.runtime.common.dev.js:3112:13)
    at createComponent (D:\Documents\UC 300\SENG 302\team-600\client\node_modules\vue\dist\vue.runtime.common.dev.js:5958:9)
    at createElm (D:\Documents\UC 300\SENG 302\team-600\client\node_modules\vue\dist\vue.runtime.common.dev.js:5905:9)
    at VueComponent.patch [as __patch__] (D:\Documents\UC 300\SENG 302\team-600\client\node_modules\vue\dist\vue.runtime.common.dev.js:6455:7)
    at VueComponent.Vue._update (D:\Documents\UC 300\SENG 302\team-600\client\node_modules\vue\dist\vue.runtime.common.dev.js:3933:19)
    at VueComponent.updateComponent (D:\Documents\UC 300\SENG 302\team-600\client\node_modules\vue\dist\vue.runtime.common.dev.js:4054:10)
    at Watcher.get (D:\Documents\UC 300\SENG 302\team-600\client\node_modules\vue\dist\vue.runtime.common.dev.js:4465:25)
    at new Watcher (D:\Documents\UC 300\SENG 302\team-600\client\node_modules\vue\dist\vue.runtime.common.dev.js:4454:12)
    at mountComponent (D:\Documents\UC 300\SENG 302\team-600\client\node_modules\vue\dist\vue.runtime.common.dev.js:4061:3)
    at VueComponent.Object.<anonymous>.Vue.$mount (D:\Documents\UC 300\SENG 302\team-600\client\node_modules\vue\dist\vue.runtime.common.dev.js:8392:10)
    at mount (D:\Documents\UC 300\SENG 302\team-600\client\node_modules\@vue\test-utils\dist\vue-test-utils.js:13855:21)
    at Object.<anonymous> (D:\Documents\UC 300\SENG 302\team-600\client\src\Test\LocationIO.test.js:9:18)
    at Object.asyncJestLifecycle (D:\Documents\UC 300\SENG 302\team-600\client\node_modules\jest-jasmine2\build\jasmineAsyncInstall.js:53:37)
    at D:\Documents\UC 300\SENG 302\team-600\client\node_modules\jest-jasmine2\build\queueRunner.js:45:12
    at new Promise (<anonymous>)
    at mapper (D:\Documents\UC 300\SENG 302\team-600\client\node_modules\jest-jasmine2\build\queueRunner.js:28:19)
    at D:\Documents\UC 300\SENG 302\team-600\client\node_modules\jest-jasmine2\build\queueRunner.js:75:41
    at processTicksAndRejections (internal/process/task_queues.js:97:5)]]></failure>
      <failure message="TypeError: Cannot read property &apos;find&apos; of undefined"><![CDATA[TypeError: Cannot read property 'find' of undefined
    at Object.<anonymous> (D:\Documents\UC 300\SENG 302\team-600\client\src\Test\LocationIO.test.js:22:23)
    at Object.asyncJestTest (D:\Documents\UC 300\SENG 302\team-600\client\node_modules\jest-jasmine2\build\jasmineAsyncInstall.js:100:37)
    at D:\Documents\UC 300\SENG 302\team-600\client\node_modules\jest-jasmine2\build\queueRunner.js:45:12
    at new Promise (<anonymous>)
    at mapper (D:\Documents\UC 300\SENG 302\team-600\client\node_modules\jest-jasmine2\build\queueRunner.js:28:19)
    at D:\Documents\UC 300\SENG 302\team-600\client\node_modules\jest-jasmine2\build\queueRunner.js:75:41
    at processTicksAndRejections (internal/process/task_queues.js:97:5)]]></failure>
    </testCase>
  </file>
</testExecutions>