<?xml version="1.0" encoding="UTF-8"?>
<testExecutions version="1">
  <file path="/Users/ethanburnett/Computer Science/SENG302/team-600/client/src/Test/ActivityForm.test.js">
    <testCase name="Is a vue instance" duration="171"/>
    <testCase name="Outcome title input exists" duration="86"/>
    <testCase name="Outcome unit_name input exists" duration="54"/>
    <testCase name="Outcome title word count exists" duration="101"/>
    <testCase name="Outcome unit_name word count exists" duration="89"/>
    <testCase name="Add outcome button exists" duration="47"/>
    <testCase name="Outcomes table exists" duration="68"/>
  </file>
</testExecutions>