<?xml version="1.0" encoding="UTF-8"?>
<testExecutions version="1">
  <file path="/Users/ethanburnett/Computer Science/SENG302/team-600/client/src/Test/ViewActivity.test.js">
    <testCase name="Is a vue instance" duration="262"/>
    <testCase name="The view activity page Displays the activity title" duration="227"/>
    <testCase name="The view activity page Displays the activity description" duration="219"/>
    <testCase name="The view activity page Displays the activity location" duration="215"/>
    <testCase name="The view activity page Has a view participants button" duration="202"/>
    <testCase name="The view activity page Has a view results button" duration="196"/>
    <testCase name="The view activity page Shows the activity type" duration="204"/>
    <testCase name="As an activity creator I cannot see the follow button" duration="209"/>
    <testCase name="As an activity creator I cannot see the unfollow button" duration="200"/>
    <testCase name="As an activity creator I can see the edit activity button" duration="204"/>
    <testCase name="As an activity creator I can see the add results button" duration="188"/>
    <testCase name="If I&apos;m following an activity I can see the unfollow button" duration="390"/>
    <testCase name="If I&apos;m following an activity I can&apos;t see the follow button" duration="401"/>
    <testCase name="If I&apos;m following an activity I can&apos;t see the edit activity button" duration="369"/>
    <testCase name="If I&apos;m following an activity I can see the add results button" duration="390"/>
    <testCase name="If I am not following the activity I can&apos;t see the unfollow button" duration="378"/>
    <testCase name="If I am not following the activity I can see the follow button" duration="383"/>
    <testCase name="If I am not following the activity I can&apos;t see the edit activity button" duration="400"/>
    <testCase name="If I am not following the activity I can&apos;t see the add results button" duration="366"/>
  </file>
  <file path="/Users/ethanburnett/Computer Science/SENG302/team-600/client/src/Test/EditDetails.test.js">
    <testCase name="Is a vue instance" duration="474"/>
    <testCase name="Successful changes Mutate first name" duration="223"/>
    <testCase name="Successful changes Names with hyphens and apostrophes" duration="210"/>
    <testCase name="Successful changes Mutate middle name" duration="192"/>
    <testCase name="Successful changes Empty middle name" duration="189"/>
    <testCase name="Successful changes Mutate last name" duration="193"/>
    <testCase name="Successful changes Mutate nickname" duration="185"/>
    <testCase name="Successful changes Empty nickname" duration="187"/>
    <testCase name="Successful changes Mutate bio" duration="188"/>
    <testCase name="Successful changes Empty bio" duration="184"/>
    <testCase name="Unsuccessful changes Empty first name" duration="181"/>
    <testCase name="Unsuccessful changes Numbered first name" duration="174"/>
    <testCase name="Unsuccessful changes Empty last name" duration="179"/>
    <testCase name="Unsuccessful changes Numbered last name" duration="180"/>
    <testCase name="Unsuccessful changes Numbered last name" duration="186"/>
    <testCase name="Required fields Required fields are marked" duration="200"/>
    <testCase name="Required fields Not required fields are not marked" duration="203"/>
  </file>
  <file path="/Users/ethanburnett/Computer Science/SENG302/team-600/client/src/Test/FeedCard.test.js">
    <testCase name="Is a vue instance" duration="165"/>
    <testCase name="The feed card Displays a description of what happened" duration="169"/>
    <testCase name="The feed card Displays a timestamp" duration="169"/>
    <testCase name="The feed card Does not have any buttons for a delete event" duration="163"/>
    <testCase name="The feed card Has a button to view the activity for a follow event" duration="339"/>
    <testCase name="The extract data method Sets the time for events that occurred in the last 10s to &quot;Just now&quot;" duration="170"/>
    <testCase name="The extract data method Sets the time for events that occurred 1 minutes ago to &quot;%s minutes ago&quot;" duration="183"/>
    <testCase name="The extract data method Sets the time for events that occurred 10 minutes ago to &quot;%s minutes ago&quot;" duration="176"/>
    <testCase name="The extract data method Sets the time for events that occurred 37 minutes ago to &quot;%s minutes ago&quot;" duration="172"/>
    <testCase name="The extract data method Sets the time for events that occurred 59 minutes ago to &quot;%s minutes ago&quot;" duration="178"/>
    <testCase name="The extract data method Sets the time for events that occurred 1 hours ago to &quot;%s hours ago&quot;" duration="171"/>
    <testCase name="The extract data method Sets the time for events that occurred 9 hours ago to &quot;%s hours ago&quot;" duration="175"/>
    <testCase name="The extract data method Sets the time for events that occurred 17 hours ago to &quot;%s hours ago&quot;" duration="169"/>
    <testCase name="The extract data method Sets the time for events that occurred 23 hours ago to &quot;%s hours ago&quot;" duration="176"/>
    <testCase name="The extract data method Sets the time for events that occurred 1 days ago to &quot;%s days ago&quot;" duration="173"/>
    <testCase name="The extract data method Sets the time for events that occurred 31 days ago to &quot;%s days ago&quot;" duration="181"/>
    <testCase name="The extract data method Sets the time for events that occurred 157 days ago to &quot;%s days ago&quot;" duration="171"/>
    <testCase name="The extract data method Sets the time for events that occurred 76543 days ago to &quot;%s days ago&quot;" duration="173"/>
    <testCase name="The extract data method Sets the first name of the person who triggered the event" duration="165"/>
    <testCase name="The extract data method Sets the last name of the person who triggered the event" duration="160"/>
    <testCase name="The extract data method Sets the activity title of the event concerned" duration="165"/>
    <testCase name="The extract data method Sets the outcome title of an outcome" duration="159"/>
  </file>
  <file path="/Users/ethanburnett/Computer Science/SENG302/team-600/client/src/Test/ActivityForm.test.js">
    <testCase name="Is a vue instance" duration="59"/>
    <testCase name="Outcome title input exists" duration="54"/>
    <testCase name="Outcome unit_name input exists" duration="55"/>
    <testCase name="Outcome title word count exists" duration="56"/>
    <testCase name="Outcome unit_name word count exists" duration="51"/>
    <testCase name="Add outcome button exists" duration="49"/>
    <testCase name="Outcomes table exists" duration="53"/>
  </file>
  <file path="/Users/ethanburnett/Computer Science/SENG302/team-600/client/src/Test/EditPassword.test.js">
    <testCase name="Is a vue instance" duration="163"/>
    <testCase name="Successful changes Normal Password Change" duration="180"/>
    <testCase name="Successful changes Extremely long password" duration="174"/>
    <testCase name="Unsuccessful changes Blank new password" duration="170"/>
    <testCase name="Unsuccessful changes Blank repeated password" duration="172"/>
    <testCase name="Unsuccessful changes Short new password" duration="173"/>
    <testCase name="Unsuccessful changes Numberless new password" duration="169"/>
    <testCase name="Unsuccessful changes Letterless new password" duration="164"/>
    <testCase name="Unsuccessful changes New password mismatch" duration="168"/>
    <testCase name="Unsuccessful changes No password change" duration="163"/>
  </file>
  <file path="/Users/ethanburnett/Computer Science/SENG302/team-600/client/src/Test/EditEmail.test.js">
    <testCase name="Is a vue instance" duration="162"/>
    <testCase name="Displays Primary Email" duration="173"/>
    <testCase name="Displays Secondary Emails" duration="170"/>
    <testCase name="Make Secondary Primary" duration="171"/>
    <testCase name="Add Secondary Email" duration="176"/>
    <testCase name="Add More than 5 Emails" duration="173"/>
    <testCase name="Delete Secondary Email" duration="176"/>
    <testCase name="Delete All Secondary Emails" duration="176"/>
  </file>
  <file path="/Users/ethanburnett/Computer Science/SENG302/team-600/client/src/Test/EditActivity.test.js">
    <testCase name="Is a vue instance" duration="117"/>
    <testCase name="Adds and deletes an Outcome to outcomeList" duration="109"/>
    <testCase name="Catches an http status error of 401 or user not authenticated when edit activity form is submitted and takes user to login page" duration="86"/>
    <testCase name="Catches an http status error of 403 or forbidden access when edit activity form is submitted and gives user an appropriate alert" duration="89"/>
    <testCase name="Checking 200 response status of edit activity function" duration="85"/>
    <testCase name="Catches an http status error that isnt 401, 404, 403 and gives the user an appropriate alert" duration="77"/>
    <testCase name="Catches an http status error of 401 when activity data is coming back from the server get endpoint" duration="93"/>
    <testCase name="Catches an http status error of 403 when checking if activity can be edited by user" duration="96"/>
    <testCase name="Catches an http status error that isnt 401 or 403 when activity data is coming back from the server get endpoint" duration="83"/>
    <testCase name="Creates the correct Outcome payload and creates only new Outcomes" duration="72"/>
    <testCase name="Creates no requests when no new Outcomes" duration="68"/>
    <testCase name="Edits outcome with an ID and isEdited set to true" duration="72"/>
    <testCase name="Creates outcome with no ID and isEdited set to true" duration="74"/>
  </file>
  <file path="/Users/ethanburnett/Computer Science/SENG302/team-600/client/src/Test/Register.test.js">
    <testCase name="Is a vue instance" duration="65"/>
    <testCase name="AC4 first-name is marked as a mandatory attribute (with an asterisk)" duration="55"/>
    <testCase name="AC4 last-name is marked as a mandatory attribute (with an asterisk)" duration="54"/>
    <testCase name="AC4 email is marked as a mandatory attribute (with an asterisk)" duration="55"/>
    <testCase name="AC4 password is marked as a mandatory attribute (with an asterisk)" duration="45"/>
    <testCase name="AC4 passwordCheck is marked as a mandatory attribute (with an asterisk)" duration="42"/>
    <testCase name="AC4 gender is marked as a mandatory attribute (with an asterisk)" duration="43"/>
    <testCase name="AC4 date_of_birth is marked as a mandatory attribute (with an asterisk)" duration="37"/>
    <testCase name="AC7 Gender dropdown menu contains “male”, “female”, and “non-binary”" duration="42"/>
    <testCase name="isValidDOB checks that a date of birth is older than number of years should be false if age is *less* than 13" duration="41"/>
    <testCase name="isValidDOB checks that a date of birth is older than number of years should be true if age is *greater* than 13" duration="34"/>
    <testCase name="User has inputted their data AC9 User is taken to homepage on register" duration="88"/>
  </file>
  <file path="/Users/ethanburnett/Computer Science/SENG302/team-600/client/src/Test/Search.test.js">
    <testCase name="Is a vue instance" duration="9"/>
    <testCase name="Search mode selector exists" duration="8"/>
  </file>
  <file path="/Users/ethanburnett/Computer Science/SENG302/team-600/client/src/Test/UserSearch.test.js">
    <testCase name="Is a vue instance" duration="16"/>
    <testCase name="Activities search box exists" duration="13"/>
    <testCase name="Search button exists" duration="13"/>
    <testCase name="And search operator radio button exists" duration="13"/>
    <testCase name="Or search operator radio button exists" duration="20"/>
    <testCase name="Searching user based on activity types With the &apos;or&apos; method Search user with one activity type &apos;hiking&apos;" duration="24"/>
    <testCase name="Searching user based on activity types With the &apos;or&apos; method Search user with two activity types &apos;hiking&apos; and &apos;biking&apos;" duration="24"/>
    <testCase name="Fetch list of activity types from back-end" duration="20"/>
    <testCase name="Pagination limits the user cards displayed to the user First page contains usersPerPage number of users (1st half of users)" duration="32"/>
    <testCase name="Pagination limits the user cards displayed to the user Second page contains usersPerPage number of users (2nd half of users)" duration="16"/>
  </file>
  <file path="/Users/ethanburnett/Computer Science/SENG302/team-600/client/src/Test/ActivityCard.test.js">
    <testCase name="Is a vue instance" duration="16"/>
    <testCase name="The ActivityCard errors Displays an error card if creator name is not found" duration="29"/>
    <testCase name="The ActivityCard elements Displays a card with no errors" duration="13"/>
    <testCase name="The ActivityCard elements Displays activity name and creator name" duration="13"/>
    <testCase name="The ActivityCard elements Displays a button for redirecting" duration="13"/>
    <testCase name="The ActivityCard elements Displays ActivityTypes that were both searched for, and match the activity" duration="13"/>
    <testCase name="The ActivityCard elements Does not display ActivityTypes that were searched for, and do not match the activity" duration="13"/>
    <testCase name="The ActivityCard elements Displays activity info" duration="28"/>
  </file>
  <file path="/Users/ethanburnett/Computer Science/SENG302/team-600/client/src/Test/ViewResults.test.js">
    <testCase name="Is a vue instance" duration="9"/>
    <testCase name="The activity has outcomes and results Displays a result button" duration="7"/>
    <testCase name="The activity has outcomes and results Displays a collapse element" duration="15"/>
    <testCase name="The activity has outcomes and results Displays 1 result card" duration="7"/>
    <testCase name="The activity has outcomes and results Displays result text" duration="7"/>
    <testCase name="The activity has outcomes but and no results Displays no result cards" duration="13"/>
    <testCase name="The activity has outcomes but and no results Displays no result card test" duration="13"/>
    <testCase name="The activity has no outcomes Displays no result button" duration="7"/>
    <testCase name="The activity has no outcomes Displays no collapse element" duration="8"/>
  </file>
  <file path="/Users/ethanburnett/Computer Science/SENG302/team-600/client/src/Test/AddResults.test.js">
    <testCase name="Is a vue instance" duration="10"/>
    <testCase name="displays 1 outcome card" duration="16"/>
    <testCase name="The active users result is already submitted displays 1 submit result button" duration="8"/>
    <testCase name="The active users result are not yet submitted displays 1 input for the result" duration="17"/>
    <testCase name="The active users result are not yet submitted displays 1 submit result button" duration="18"/>
  </file>
  <file path="/Users/ethanburnett/Computer Science/SENG302/team-600/client/src/Test/CreateActivity.test.js">
    <testCase name="Is a vue instance" duration="1"/>
    <testCase name="Adds 2 Outcomes and deletes an Outcome to outcomeList" duration="17"/>
    <testCase name="Catches an http status error of 400 or an invalid activity field when create activity form is submitted and gives user an appropriate alert" duration="1"/>
    <testCase name="Catches an http status error of 401 or user not authenticated when create activity form is submitted and takes user to login page" duration="5"/>
    <testCase name="Catches an http status error of 403 or forbidden access when create activity form is submitted and gives user an appropriate alert" duration="1"/>
    <testCase name="Catches an http status error that isnt 401, 404, 403 and gives the user an appropriate alert" duration="2"/>
    <testCase name="Creates the correct Outcome payload" duration="1"/>
  </file>
  <file path="/Users/ethanburnett/Computer Science/SENG302/team-600/client/src/Test/HomeFeed.test.js">
    <testCase name="Check that feed event data is fetched and rendered properly" duration="161"/>
  </file>
  <file path="/Users/ethanburnett/Computer Science/SENG302/team-600/client/src/Test/Login.test.js">
    <testCase name="Is a vue instance" duration="18"/>
    <testCase name="AC9 User is taken to homepage on login" duration="28"/>
    <testCase name="AC9 Admin is taken to dashboard on login" duration="32"/>
  </file>
  <file path="/Users/ethanburnett/Computer Science/SENG302/team-600/client/src/Test/Header.test.js">
    <testCase name="Is a vue instance" duration="19"/>
    <testCase name="Logo is on the page" duration="21"/>
    <testCase name="Toggle button for collapsible nav-bar exists" duration="13"/>
    <testCase name="There are 5 possible collapsible links, when logged in" duration="39"/>
    <testCase name="There are 2 possible collapsible links, when not logged in" duration="13"/>
  </file>
  <file path="/Users/ethanburnett/Computer Science/SENG302/team-600/client/src/Test/ViewParticipants.test.js">
    <testCase name="Is a vue instance" duration="7"/>
    <testCase name="Has 2 participants Displays 2 participants" duration="6"/>
    <testCase name="Has 2 participants The no participant message does not exist" duration="5"/>
    <testCase name="Had no participants Participant buttons do not exist" duration="8"/>
    <testCase name="Had no participants When there are no participants, it displays &apos;No participants to show&apos;" duration="10"/>
  </file>
  <file path="/Users/ethanburnett/Computer Science/SENG302/team-600/client/src/Test/ActivitySearch.test.js">
    <testCase name="Is a vue instance" duration="19"/>
    <testCase name="Activity type search box exists" duration="16"/>
    <testCase name="Search button exists" duration="16"/>
    <testCase name="And search operator radio button exists" duration="22"/>
    <testCase name="Or search operator radio button exists" duration="17"/>
  </file>
  <file path="/Users/ethanburnett/Computer Science/SENG302/team-600/client/src/Test/UserCard.test.js">
    <testCase name="Is a vue instance" duration="13"/>
    <testCase name="The UserCard Displays Full Name" duration="11"/>
    <testCase name="The UserCard Displays Email and Bio" duration="20"/>
    <testCase name="The UserCard Displays ActivityTypes that were both searched for, and match the user" duration="12"/>
    <testCase name="The View User Modal View User Modal title contains Full Name" duration="10"/>
    <testCase name="The View User Modal View User Modal title contains go to profile button" duration="11"/>
  </file>
  <file path="/Users/ethanburnett/Computer Science/SENG302/team-600/client/src/Test/HomeLayout.test.js">
    <testCase name="Is a vue instance" duration="6"/>
    <testCase name="Logo is on the page" duration="6"/>
    <testCase name="AC1 Has 2 buttons" duration="5"/>
    <testCase name="AC1 Has a register button" duration="5"/>
    <testCase name="AC1 Has a login button" duration="5"/>
  </file>
  <file path="/Users/ethanburnett/Computer Science/SENG302/team-600/client/src/Test/util.test.js">
    <testCase name="Timezone conversion functions From Back End to Front End Back end date in UTC time" duration="1"/>
    <testCase name="Timezone conversion functions From Back End to Front End UTC date at one to midnight" duration="10"/>
    <testCase name="Timezone conversion functions From Back End to Front End UTC date at exactly midnight" duration="1"/>
    <testCase name="Timezone conversion functions From Back End to Front End Invalid UTC date after midnight" duration="0"/>
    <testCase name="Timezone conversion functions From Front End to Back End Front end date 9pm" duration="0"/>
    <testCase name="Timezone conversion functions From Front End to Back End Test invalid UTC date after midnight" duration="1"/>
    <testCase name="Convert ISO8601 into readable date and AM/PM time Receive UTC time from back-end Test UTC date formatted with correct single digit AM time" duration="1"/>
    <testCase name="Convert ISO8601 into readable date and AM/PM time Receive UTC time from back-end Test UTC date formatted with correct single digit PM time" duration="0"/>
    <testCase name="Convert ISO8601 into readable date and AM/PM time Receive UTC time from back-end Test UTC date formatted with correct double digit 12:00 AM time" duration="1"/>
    <testCase name="Convert ISO8601 into readable date and AM/PM time Receive UTC time from back-end Test UTC date formatted with correct double digit 12:00 PM time" duration="0"/>
    <testCase name="Test current time functions currentDateBackend returns a valid date" duration="1"/>
    <testCase name="Test current time functions currentDateFrontend returns a valid date" duration="1"/>
  </file>
</testExecutions>