<?xml version="1.0" encoding="UTF-8"?>
<testExecutions version="1">
  <file path="C:\Users\rebek\OneDrive - University of Canterbury\SENG302\Project\client\src\Test\EditPassword.test.js">
    <testCase name="Is a vue instance" duration="182"/>
    <testCase name="Successful changes Normal Password Change" duration="221"/>
    <testCase name="Successful changes Extremely long password" duration="200"/>
    <testCase name="Unsuccessful changes Blank new password" duration="182"/>
    <testCase name="Unsuccessful changes Blank repeated password" duration="177"/>
    <testCase name="Unsuccessful changes Short new password" duration="188"/>
    <testCase name="Unsuccessful changes Numberless new password" duration="192"/>
    <testCase name="Unsuccessful changes Letterless new password" duration="179"/>
    <testCase name="Unsuccessful changes New password mismatch" duration="179"/>
    <testCase name="Unsuccessful changes No password change" duration="193"/>
  </file>
</testExecutions>