<?xml version="1.0" encoding="UTF-8"?>
<testExecutions version="1">
  <file path="C:\Users\rebek\OneDrive - University of Canterbury\SENG302\Project\client\src\Test\HomeFeed.test.js">
    <testCase name="Check that feed event data is fetched and rendered properly" duration="194"/>
  </file>
</testExecutions>