<?xml version="1.0" encoding="UTF-8"?>
<testExecutions version="1">
  <file path="C:\Users\rebek\OneDrive - University of Canterbury\SENG302\Project\client\src\Test\EditActivity.test.js">
    <testCase name="Is a vue instance" duration="61"/>
    <testCase name="Adds and deletes an Outcome to outcomeList" duration="25"/>
    <testCase name="Catches an http status error of 401 or user not authenticated when edit activity form is submitted and takes user to login page" duration="13"/>
    <testCase name="Catches an http status error of 403 or forbidden access when edit activity form is submitted and gives user an appropriate alert" duration="4"/>
    <testCase name="Checking 200 response status of edit activity function" duration="10"/>
    <testCase name="Catches an http status error that isnt 401, 404, 403 and gives the user an appropriate alert" duration="5"/>
    <testCase name="Catches an http status error of 401 when activity data is coming back from the server get endpoint" duration="2223"/>
    <testCase name="Catches an http status error that isnt 401 or 403 when activity data is coming back from the server get endpoint" duration="871"/>
    <testCase name="Creates the correct Outcome payload and creates only new Outcomes" duration="7"/>
    <testCase name="Creates no requests when no new Outcomes" duration="4"/>
  </file>
</testExecutions>